Warning: Map Join MAPJOIN[27][bigTable=?] in task 'Map 1' is a cross product
PREHOOK: query: -- HIVE-12738 -- We are checking if a MapJoin after a GroupBy will work properly.
explain vectorization expression
select *
from src
where not key in
(select key from src)
order by key
PREHOOK: type: QUERY
POSTHOOK: query: -- HIVE-12738 -- We are checking if a MapJoin after a GroupBy will work properly.
explain vectorization expression
select *
from src
where not key in
(select key from src)
order by key
POSTHOOK: type: QUERY
PLAN VECTORIZATION:
  enabled: true
  enabledConditionsMet: [hive.vectorized.execution.enabled IS true]

STAGE DEPENDENCIES:
  Stage-1 is a root stage
  Stage-0 depends on stages: Stage-1

STAGE PLANS:
  Stage: Stage-1
    Tez
#### A masked pattern was here ####
      Edges:
        Map 1 <- Map 5 (BROADCAST_EDGE), Reducer 4 (BROADCAST_EDGE)
        Reducer 2 <- Map 1 (SIMPLE_EDGE)
        Reducer 4 <- Map 3 (SIMPLE_EDGE)
#### A masked pattern was here ####
      Vertices:
        Map 1 
            Map Operator Tree:
                TableScan
                  alias: src
                  Statistics: Num rows: 500 Data size: 89000 Basic stats: COMPLETE Column stats: COMPLETE
                  Select Operator
                    expressions: key (type: string), value (type: string)
                    outputColumnNames: _col0, _col1
                    Statistics: Num rows: 500 Data size: 89000 Basic stats: COMPLETE Column stats: COMPLETE
                    Map Join Operator
                      condition map:
                           Inner Join 0 to 1
                      keys:
                        0 
                        1 
                      outputColumnNames: _col0, _col1
                      input vertices:
                        1 Reducer 4
                      Statistics: Num rows: 500 Data size: 89000 Basic stats: COMPLETE Column stats: COMPLETE
                      Map Join Operator
                        condition map:
                             Left Outer Join0 to 1
                        keys:
                          0 _col0 (type: string)
                          1 _col0 (type: string)
                        outputColumnNames: _col0, _col1, _col3
                        input vertices:
                          1 Map 5
                        Statistics: Num rows: 1219 Data size: 323035 Basic stats: COMPLETE Column stats: COMPLETE
                        Filter Operator
                          predicate: _col3 is null (type: boolean)
                          Statistics: Num rows: 1 Data size: 265 Basic stats: COMPLETE Column stats: COMPLETE
                          Select Operator
                            expressions: _col0 (type: string), _col1 (type: string)
                            outputColumnNames: _col0, _col1
                            Statistics: Num rows: 1 Data size: 178 Basic stats: COMPLETE Column stats: COMPLETE
                            Reduce Output Operator
                              key expressions: _col0 (type: string)
                              sort order: +
                              Statistics: Num rows: 1 Data size: 178 Basic stats: COMPLETE Column stats: COMPLETE
                              value expressions: _col1 (type: string)
            Execution mode: llap
            LLAP IO: no inputs
            Map Vectorization:
                enabled: false
                enabledConditionsNotMet: hive.vectorized.use.vector.serde.deserialize IS false
                inputFileFormats: org.apache.hadoop.mapred.TextInputFormat
        Map 3 
            Map Operator Tree:
                TableScan
                  alias: src
                  Statistics: Num rows: 500 Data size: 43500 Basic stats: COMPLETE Column stats: COMPLETE
                  Filter Operator
                    predicate: key is null (type: boolean)
                    Statistics: Num rows: 1 Data size: 87 Basic stats: COMPLETE Column stats: COMPLETE
                    Select Operator
                      Statistics: Num rows: 1 Data size: 87 Basic stats: COMPLETE Column stats: COMPLETE
                      Group By Operator
                        aggregations: count()
                        mode: hash
                        outputColumnNames: _col0
                        Statistics: Num rows: 1 Data size: 8 Basic stats: COMPLETE Column stats: COMPLETE
                        Reduce Output Operator
                          sort order: 
                          Statistics: Num rows: 1 Data size: 8 Basic stats: COMPLETE Column stats: COMPLETE
                          value expressions: _col0 (type: bigint)
            Execution mode: llap
            LLAP IO: no inputs
            Map Vectorization:
                enabled: false
                enabledConditionsNotMet: hive.vectorized.use.vector.serde.deserialize IS false
                inputFileFormats: org.apache.hadoop.mapred.TextInputFormat
        Map 5 
            Map Operator Tree:
                TableScan
                  alias: src
                  Statistics: Num rows: 500 Data size: 43500 Basic stats: COMPLETE Column stats: COMPLETE
                  Select Operator
                    expressions: key (type: string)
                    outputColumnNames: _col0
                    Statistics: Num rows: 500 Data size: 43500 Basic stats: COMPLETE Column stats: COMPLETE
                    Reduce Output Operator
                      key expressions: _col0 (type: string)
                      sort order: +
                      Map-reduce partition columns: _col0 (type: string)
                      Statistics: Num rows: 500 Data size: 43500 Basic stats: COMPLETE Column stats: COMPLETE
            Execution mode: llap
            LLAP IO: no inputs
            Map Vectorization:
                enabled: false
                enabledConditionsNotMet: hive.vectorized.use.vector.serde.deserialize IS false
                inputFileFormats: org.apache.hadoop.mapred.TextInputFormat
        Reducer 2 
            Execution mode: vectorized, llap
            Reduce Vectorization:
                enabled: true
                enableConditionsMet: hive.vectorized.execution.reduce.enabled IS true, hive.execution.engine tez IN [tez, spark] IS true
                groupByVectorOutput: true
                allNative: false
                usesVectorUDFAdaptor: false
                vectorized: true
            Reduce Operator Tree:
              Select Operator
                expressions: KEY.reducesinkkey0 (type: string), VALUE._col0 (type: string)
                outputColumnNames: _col0, _col1
                Select Vectorization:
                    className: VectorSelectOperator
                    native: true
                    projectedOutputColumns: [0, 1]
                Statistics: Num rows: 1 Data size: 178 Basic stats: COMPLETE Column stats: COMPLETE
                File Output Operator
                  compressed: false
                  File Sink Vectorization:
                      className: VectorFileSinkOperator
                      native: false
                  Statistics: Num rows: 1 Data size: 178 Basic stats: COMPLETE Column stats: COMPLETE
                  table:
                      input format: org.apache.hadoop.mapred.SequenceFileInputFormat
                      output format: org.apache.hadoop.hive.ql.io.HiveSequenceFileOutputFormat
                      serde: org.apache.hadoop.hive.serde2.lazy.LazySimpleSerDe
        Reducer 4 
            Execution mode: vectorized, llap
            Reduce Vectorization:
                enabled: true
                enableConditionsMet: hive.vectorized.execution.reduce.enabled IS true, hive.execution.engine tez IN [tez, spark] IS true
                groupByVectorOutput: true
                allNative: false
                usesVectorUDFAdaptor: false
                vectorized: true
            Reduce Operator Tree:
              Group By Operator
                aggregations: count(VALUE._col0)
                Group By Vectorization:
                    aggregators: VectorUDAFCountMerge(col 0) -> bigint
                    className: VectorGroupByOperator
                    vectorOutput: true
                    native: false
                    projectedOutputColumns: [0]
                mode: mergepartial
                outputColumnNames: _col0
                Statistics: Num rows: 1 Data size: 8 Basic stats: COMPLETE Column stats: COMPLETE
                Filter Operator
                  Filter Vectorization:
                      className: VectorFilterOperator
                      native: true
                      predicateExpression: FilterLongColEqualLongScalar(col 0, val 0) -> boolean
                  predicate: (_col0 = 0) (type: boolean)
                  Statistics: Num rows: 1 Data size: 8 Basic stats: COMPLETE Column stats: COMPLETE
                  Select Operator
                    Select Vectorization:
                        className: VectorSelectOperator
                        native: true
                        projectedOutputColumns: []
                    Statistics: Num rows: 1 Data size: 8 Basic stats: COMPLETE Column stats: COMPLETE
                    Reduce Output Operator
                      sort order: 
                      Reduce Sink Vectorization:
                          className: VectorReduceSinkOperator
                          native: false
                          nativeConditionsMet: hive.vectorized.execution.reducesink.new.enabled IS true, hive.execution.engine tez IN [tez, spark] IS true, Not ACID UPDATE or DELETE IS true, No buckets IS true, No TopN IS true, No DISTINCT columns IS true, BinarySortableSerDe for keys IS true, LazyBinarySerDe for values IS true
                          nativeConditionsNotMet: Uniform Hash IS false
                      Statistics: Num rows: 1 Data size: 8 Basic stats: COMPLETE Column stats: COMPLETE

  Stage: Stage-0
    Fetch Operator
      limit: -1
      Processor Tree:
        ListSink

Warning: Map Join MAPJOIN[27][bigTable=?] in task 'Map 1' is a cross product
PREHOOK: query: select *
from src
where not key in
(select key from src)
order by key
PREHOOK: type: QUERY
PREHOOK: Input: default@src
#### A masked pattern was here ####
POSTHOOK: query: select *
from src
where not key in
(select key from src)
order by key
POSTHOOK: type: QUERY
POSTHOOK: Input: default@src
#### A masked pattern was here ####
