PREHOOK: query: CREATE TABLE dest_j2(key INT, value STRING) STORED AS TEXTFILE
PREHOOK: type: CREATETABLE
PREHOOK: Output: database:default
PREHOOK: Output: default@dest_j2
POSTHOOK: query: CREATE TABLE dest_j2(key INT, value STRING) STORED AS TEXTFILE
POSTHOOK: type: CREATETABLE
POSTHOOK: Output: database:default
POSTHOOK: Output: default@dest_j2
PREHOOK: query: explain
FROM src src1 JOIN src src2 ON (src1.key = src2.key) JOIN src src3 ON (src1.key + src2.key = src3.key)
INSERT OVERWRITE TABLE dest_j2 SELECT src1.key, src3.value
PREHOOK: type: QUERY
POSTHOOK: query: explain
FROM src src1 JOIN src src2 ON (src1.key = src2.key) JOIN src src3 ON (src1.key + src2.key = src3.key)
INSERT OVERWRITE TABLE dest_j2 SELECT src1.key, src3.value
POSTHOOK: type: QUERY
STAGE DEPENDENCIES:
  Stage-1 is a root stage
  Stage-2 depends on stages: Stage-1
  Stage-0 depends on stages: Stage-2
  Stage-3 depends on stages: Stage-0

STAGE PLANS:
  Stage: Stage-1
    Spark
      Edges:
        Reducer 2 <- Map 1 (PARTITION-LEVEL SORT, 1), Map 5 (PARTITION-LEVEL SORT, 1)
        Reducer 3 <- Map 4 (PARTITION-LEVEL SORT, 1), Reducer 2 (PARTITION-LEVEL SORT, 1)
#### A masked pattern was here ####
      Vertices:
        Map 1 
            Map Operator Tree:
                TableScan
                  alias: src2
                  Statistics: Num rows: 500 Data size: 5312 Basic stats: COMPLETE Column stats: NONE
                  Filter Operator
                    predicate: key is not null (type: boolean)
                    Statistics: Num rows: 250 Data size: 2656 Basic stats: COMPLETE Column stats: NONE
                    Reduce Output Operator
                      key expressions: key (type: string)
                      sort order: +
                      Map-reduce partition columns: key (type: string)
                      Statistics: Num rows: 250 Data size: 2656 Basic stats: COMPLETE Column stats: NONE
        Map 4 
            Map Operator Tree:
                TableScan
                  alias: src3
                  Statistics: Num rows: 500 Data size: 5312 Basic stats: COMPLETE Column stats: NONE
                  Filter Operator
                    predicate: UDFToDouble(key) is not null (type: boolean)
                    Statistics: Num rows: 250 Data size: 2656 Basic stats: COMPLETE Column stats: NONE
                    Reduce Output Operator
                      key expressions: UDFToDouble(key) (type: double)
                      sort order: +
                      Map-reduce partition columns: UDFToDouble(key) (type: double)
                      Statistics: Num rows: 250 Data size: 2656 Basic stats: COMPLETE Column stats: NONE
                      value expressions: value (type: string)
        Map 5 
            Map Operator Tree:
                TableScan
                  alias: src1
                  Statistics: Num rows: 500 Data size: 5312 Basic stats: COMPLETE Column stats: NONE
                  Filter Operator
                    predicate: key is not null (type: boolean)
                    Statistics: Num rows: 250 Data size: 2656 Basic stats: COMPLETE Column stats: NONE
                    Reduce Output Operator
                      key expressions: key (type: string)
                      sort order: +
                      Map-reduce partition columns: key (type: string)
                      Statistics: Num rows: 250 Data size: 2656 Basic stats: COMPLETE Column stats: NONE
        Reducer 2 
            Reduce Operator Tree:
              Join Operator
                condition map:
                     Inner Join 0 to 1
                condition expressions:
                  0 {KEY.reducesinkkey0}
                  1 {KEY.reducesinkkey0}
                outputColumnNames: _col0, _col5
                Statistics: Num rows: 275 Data size: 2921 Basic stats: COMPLETE Column stats: NONE
                Filter Operator
                  predicate: (_col0 + _col5) is not null (type: boolean)
                  Statistics: Num rows: 138 Data size: 1465 Basic stats: COMPLETE Column stats: NONE
                  Reduce Output Operator
                    key expressions: (_col0 + _col5) (type: double)
                    sort order: +
                    Map-reduce partition columns: (_col0 + _col5) (type: double)
                    Statistics: Num rows: 138 Data size: 1465 Basic stats: COMPLETE Column stats: NONE
                    value expressions: _col0 (type: string)
        Reducer 3 
            Reduce Operator Tree:
              Join Operator
                condition map:
                     Inner Join 0 to 1
                condition expressions:
                  0 {VALUE._col0}
                  1 {VALUE._col1}
                outputColumnNames: _col0, _col11
                Statistics: Num rows: 275 Data size: 2921 Basic stats: COMPLETE Column stats: NONE
                Select Operator
                  expressions: UDFToInteger(_col0) (type: int), _col11 (type: string)
                  outputColumnNames: _col0, _col1
                  Statistics: Num rows: 275 Data size: 2921 Basic stats: COMPLETE Column stats: NONE
                  File Output Operator
                    compressed: false
                    Statistics: Num rows: 275 Data size: 2921 Basic stats: COMPLETE Column stats: NONE
                    table:
                        input format: org.apache.hadoop.mapred.TextInputFormat
                        output format: org.apache.hadoop.hive.ql.io.HiveIgnoreKeyTextOutputFormat
                        serde: org.apache.hadoop.hive.serde2.lazy.LazySimpleSerDe
                        name: default.dest_j2

  Stage: Stage-2
    Dependency Collection

  Stage: Stage-0
    Move Operator
      tables:
          replace: true
          table:
              input format: org.apache.hadoop.mapred.TextInputFormat
              output format: org.apache.hadoop.hive.ql.io.HiveIgnoreKeyTextOutputFormat
              serde: org.apache.hadoop.hive.serde2.lazy.LazySimpleSerDe
              name: default.dest_j2

  Stage: Stage-3
    Stats-Aggr Operator

PREHOOK: query: FROM src src1 JOIN src src2 ON (src1.key = src2.key) JOIN src src3 ON (src1.key + src2.key = src3.key)
INSERT OVERWRITE TABLE dest_j2 SELECT src1.key, src3.value
PREHOOK: type: QUERY
PREHOOK: Input: default@src
PREHOOK: Output: default@dest_j2
POSTHOOK: query: FROM src src1 JOIN src src2 ON (src1.key = src2.key) JOIN src src3 ON (src1.key + src2.key = src3.key)
INSERT OVERWRITE TABLE dest_j2 SELECT src1.key, src3.value
POSTHOOK: type: QUERY
POSTHOOK: Input: default@src
POSTHOOK: Output: default@dest_j2
POSTHOOK: Lineage: dest_j2.key EXPRESSION [(src)src1.FieldSchema(name:key, type:string, comment:default), ]
POSTHOOK: Lineage: dest_j2.value SIMPLE [(src)src3.FieldSchema(name:value, type:string, comment:default), ]
PREHOOK: query: SELECT sum(hash(dest_j2.key,dest_j2.value)) FROM dest_j2
PREHOOK: type: QUERY
PREHOOK: Input: default@dest_j2
#### A masked pattern was here ####
POSTHOOK: query: SELECT sum(hash(dest_j2.key,dest_j2.value)) FROM dest_j2
POSTHOOK: type: QUERY
POSTHOOK: Input: default@dest_j2
#### A masked pattern was here ####
33815990627
