PREHOOK: query: EXPLAIN SELECT count(value) AS c FROM src GROUP BY key HAVING c > 3
PREHOOK: type: QUERY
POSTHOOK: query: EXPLAIN SELECT count(value) AS c FROM src GROUP BY key HAVING c > 3
POSTHOOK: type: QUERY
STAGE DEPENDENCIES:
  Stage-1 is a root stage
  Stage-0 depends on stages: Stage-1

STAGE PLANS:
  Stage: Stage-1
    Spark
      Edges:
        Reducer 2 <- Map 1 (GROUP)
#### A masked pattern was here ####
      Vertices:
        Map 1 
            Map Operator Tree:
                TableScan
                  alias: src
                  Statistics: Num rows: 29 Data size: 5812 Basic stats: COMPLETE Column stats: NONE
                  Select Operator
                    expressions: key (type: string), value (type: string)
                    outputColumnNames: key, value
                    Statistics: Num rows: 29 Data size: 5812 Basic stats: COMPLETE Column stats: NONE
                    Group By Operator
                      aggregations: count(value)
                      keys: key (type: string)
                      mode: hash
                      outputColumnNames: _col0, _col1
                      Statistics: Num rows: 29 Data size: 5812 Basic stats: COMPLETE Column stats: NONE
                      Reduce Output Operator
                        key expressions: _col0 (type: string)
                        sort order: +
                        Map-reduce partition columns: _col0 (type: string)
                        Statistics: Num rows: 29 Data size: 5812 Basic stats: COMPLETE Column stats: NONE
                        value expressions: _col1 (type: bigint)
        Reducer 2 
            Reduce Operator Tree:
              Group By Operator
                aggregations: count(VALUE._col0)
                keys: KEY._col0 (type: string)
                mode: mergepartial
                outputColumnNames: _col0, _col1
                Statistics: Num rows: 14 Data size: 2805 Basic stats: COMPLETE Column stats: NONE
                Filter Operator
                  predicate: (_col1 > 3) (type: boolean)
                  Statistics: Num rows: 4 Data size: 801 Basic stats: COMPLETE Column stats: NONE
                  Select Operator
                    expressions: _col1 (type: bigint)
                    outputColumnNames: _col0
                    Statistics: Num rows: 4 Data size: 801 Basic stats: COMPLETE Column stats: NONE
                    File Output Operator
                      compressed: false
                      Statistics: Num rows: 4 Data size: 801 Basic stats: COMPLETE Column stats: NONE
                      table:
                          input format: org.apache.hadoop.mapred.TextInputFormat
                          output format: org.apache.hadoop.hive.ql.io.HiveIgnoreKeyTextOutputFormat
                          serde: org.apache.hadoop.hive.serde2.lazy.LazySimpleSerDe

  Stage: Stage-0
    Fetch Operator
      limit: -1
      Processor Tree:
        ListSink

PREHOOK: query: SELECT count(value) AS c FROM src GROUP BY key HAVING c > 3
PREHOOK: type: QUERY
PREHOOK: Input: default@src
#### A masked pattern was here ####
POSTHOOK: query: SELECT count(value) AS c FROM src GROUP BY key HAVING c > 3
POSTHOOK: type: QUERY
POSTHOOK: Input: default@src
#### A masked pattern was here ####
4
5
4
5
4
4
4
5
4
5
PREHOOK: query: EXPLAIN SELECT key, max(value) AS c FROM src GROUP BY key HAVING key != 302
PREHOOK: type: QUERY
POSTHOOK: query: EXPLAIN SELECT key, max(value) AS c FROM src GROUP BY key HAVING key != 302
POSTHOOK: type: QUERY
STAGE DEPENDENCIES:
  Stage-1 is a root stage
  Stage-0 depends on stages: Stage-1

STAGE PLANS:
  Stage: Stage-1
    Spark
      Edges:
        Reducer 2 <- Map 1 (GROUP)
#### A masked pattern was here ####
      Vertices:
        Map 1 
            Map Operator Tree:
                TableScan
                  alias: src
                  Statistics: Num rows: 29 Data size: 5812 Basic stats: COMPLETE Column stats: NONE
                  Filter Operator
                    predicate: (key <> 302) (type: boolean)
                    Statistics: Num rows: 29 Data size: 5812 Basic stats: COMPLETE Column stats: NONE
                    Select Operator
                      expressions: key (type: string), value (type: string)
                      outputColumnNames: key, value
                      Statistics: Num rows: 29 Data size: 5812 Basic stats: COMPLETE Column stats: NONE
                      Group By Operator
                        aggregations: max(value)
                        keys: key (type: string)
                        mode: hash
                        outputColumnNames: _col0, _col1
                        Statistics: Num rows: 29 Data size: 5812 Basic stats: COMPLETE Column stats: NONE
                        Reduce Output Operator
                          key expressions: _col0 (type: string)
                          sort order: +
                          Map-reduce partition columns: _col0 (type: string)
                          Statistics: Num rows: 29 Data size: 5812 Basic stats: COMPLETE Column stats: NONE
                          value expressions: _col1 (type: string)
        Reducer 2 
            Reduce Operator Tree:
              Group By Operator
                aggregations: max(VALUE._col0)
                keys: KEY._col0 (type: string)
                mode: mergepartial
                outputColumnNames: _col0, _col1
                Statistics: Num rows: 14 Data size: 2805 Basic stats: COMPLETE Column stats: NONE
                Select Operator
                  expressions: _col0 (type: string), _col1 (type: string)
                  outputColumnNames: _col0, _col1
                  Statistics: Num rows: 14 Data size: 2805 Basic stats: COMPLETE Column stats: NONE
                  File Output Operator
                    compressed: false
                    Statistics: Num rows: 14 Data size: 2805 Basic stats: COMPLETE Column stats: NONE
                    table:
                        input format: org.apache.hadoop.mapred.TextInputFormat
                        output format: org.apache.hadoop.hive.ql.io.HiveIgnoreKeyTextOutputFormat
                        serde: org.apache.hadoop.hive.serde2.lazy.LazySimpleSerDe

  Stage: Stage-0
    Fetch Operator
      limit: -1
      Processor Tree:
        ListSink

PREHOOK: query: SELECT key, max(value) AS c FROM src GROUP BY key HAVING key != 302
PREHOOK: type: QUERY
PREHOOK: Input: default@src
#### A masked pattern was here ####
POSTHOOK: query: SELECT key, max(value) AS c FROM src GROUP BY key HAVING key != 302
POSTHOOK: type: QUERY
POSTHOOK: Input: default@src
#### A masked pattern was here ####
168	val_168
436	val_436
170	val_170
364	val_364
209	val_209
403	val_403
374	val_374
11	val_11
195	val_195
252	val_252
146	val_146
95	val_95
118	val_118
189	val_189
199	val_199
196	val_196
100	val_100
382	val_382
30	val_30
455	val_455
498	val_498
111	val_111
287	val_287
248	val_248
19	val_19
311	val_311
76	val_76
178	val_178
160	val_160
221	val_221
87	val_87
406	val_406
125	val_125
463	val_463
459	val_459
263	val_263
166	val_166
335	val_335
28	val_28
223	val_223
174	val_174
98	val_98
208	val_208
4	val_4
404	val_404
47	val_47
54	val_54
368	val_368
377	val_377
37	val_37
280	val_280
57	val_57
203	val_203
308	val_308
291	val_291
278	val_278
484	val_484
409	val_409
155	val_155
317	val_317
475	val_475
260	val_260
429	val_429
417	val_417
284	val_284
413	val_413
309	val_309
27	val_27
296	val_296
67	val_67
244	val_244
230	val_230
96	val_96
183	val_183
249	val_249
289	val_289
427	val_427
418	val_418
181	val_181
472	val_472
454	val_454
310	val_310
207	val_207
233	val_233
194	val_194
224	val_224
129	val_129
360	val_360
10	val_10
460	val_460
5	val_5
12	val_12
481	val_481
85	val_85
58	val_58
369	val_369
482	val_482
214	val_214
177	val_177
193	val_193
9	val_9
34	val_34
419	val_419
378	val_378
165	val_165
201	val_201
241	val_241
281	val_281
82	val_82
292	val_292
285	val_285
400	val_400
53	val_53
298	val_298
397	val_397
43	val_43
272	val_272
332	val_332
321	val_321
389	val_389
131	val_131
286	val_286
242	val_242
421	val_421
487	val_487
78	val_78
396	val_396
375	val_375
83	val_83
258	val_258
307	val_307
41	val_41
392	val_392
277	val_277
327	val_327
490	val_490
134	val_134
333	val_333
64	val_64
477	val_477
256	val_256
401	val_401
402	val_402
435	val_435
393	val_393
362	val_362
492	val_492
288	val_288
438	val_438
104	val_104
113	val_113
176	val_176
448	val_448
394	val_394
457	val_457
162	val_162
480	val_480
384	val_384
323	val_323
497	val_497
20	val_20
446	val_446
237	val_237
26	val_26
222	val_222
386	val_386
467	val_467
468	val_468
218	val_218
51	val_51
163	val_163
315	val_315
150	val_150
273	val_273
366	val_366
226	val_226
74	val_74
345	val_345
424	val_424
491	val_491
431	val_431
395	val_395
342	val_342
149	val_149
105	val_105
167	val_167
69	val_69
172	val_172
66	val_66
70	val_70
2	val_2
239	val_239
449	val_449
179	val_179
458	val_458
202	val_202
356	val_356
430	val_430
466	val_466
478	val_478
453	val_453
493	val_493
338	val_338
365	val_365
379	val_379
353	val_353
247	val_247
283	val_283
200	val_200
158	val_158
485	val_485
103	val_103
275	val_275
138	val_138
452	val_452
217	val_217
351	val_351
325	val_325
197	val_197
414	val_414
84	val_84
399	val_399
24	val_24
133	val_133
305	val_305
367	val_367
157	val_157
262	val_262
128	val_128
116	val_116
437	val_437
156	val_156
479	val_479
153	val_153
80	val_80
407	val_407
120	val_120
411	val_411
336	val_336
322	val_322
44	val_44
443	val_443
187	val_187
341	val_341
238	val_238
255	val_255
274	val_274
8	val_8
213	val_213
235	val_235
143	val_143
126	val_126
219	val_219
318	val_318
169	val_169
92	val_92
15	val_15
33	val_33
114	val_114
496	val_496
180	val_180
191	val_191
145	val_145
444	val_444
432	val_432
344	val_344
470	val_470
483	val_483
495	val_495
339	val_339
35	val_35
373	val_373
18	val_18
152	val_152
348	val_348
72	val_72
316	val_316
462	val_462
97	val_97
229	val_229
494	val_494
331	val_331
90	val_90
216	val_216
164	val_164
175	val_175
119	val_119
190	val_190
0	val_0
192	val_192
65	val_65
489	val_489
228	val_228
306	val_306
469	val_469
77	val_77
282	val_282
17	val_17
137	val_137
266	val_266
42	val_42
205	val_205
257	val_257
186	val_186
136	val_136
265	val_265
439	val_439
86	val_86
PREHOOK: query: EXPLAIN SELECT key FROM src GROUP BY key HAVING max(value) > "val_255"
PREHOOK: type: QUERY
POSTHOOK: query: EXPLAIN SELECT key FROM src GROUP BY key HAVING max(value) > "val_255"
POSTHOOK: type: QUERY
STAGE DEPENDENCIES:
  Stage-1 is a root stage
  Stage-0 depends on stages: Stage-1

STAGE PLANS:
  Stage: Stage-1
    Spark
      Edges:
        Reducer 2 <- Map 1 (GROUP)
#### A masked pattern was here ####
      Vertices:
        Map 1 
            Map Operator Tree:
                TableScan
                  alias: src
                  Statistics: Num rows: 29 Data size: 5812 Basic stats: COMPLETE Column stats: NONE
                  Select Operator
                    expressions: key (type: string), value (type: string)
                    outputColumnNames: key, value
                    Statistics: Num rows: 29 Data size: 5812 Basic stats: COMPLETE Column stats: NONE
                    Group By Operator
                      aggregations: max(value)
                      keys: key (type: string)
                      mode: hash
                      outputColumnNames: _col0, _col1
                      Statistics: Num rows: 29 Data size: 5812 Basic stats: COMPLETE Column stats: NONE
                      Reduce Output Operator
                        key expressions: _col0 (type: string)
                        sort order: +
                        Map-reduce partition columns: _col0 (type: string)
                        Statistics: Num rows: 29 Data size: 5812 Basic stats: COMPLETE Column stats: NONE
                        value expressions: _col1 (type: string)
        Reducer 2 
            Reduce Operator Tree:
              Group By Operator
                aggregations: max(VALUE._col0)
                keys: KEY._col0 (type: string)
                mode: mergepartial
                outputColumnNames: _col0, _col1
                Statistics: Num rows: 14 Data size: 2805 Basic stats: COMPLETE Column stats: NONE
                Filter Operator
                  predicate: (_col1 > 'val_255') (type: boolean)
                  Statistics: Num rows: 4 Data size: 801 Basic stats: COMPLETE Column stats: NONE
                  Select Operator
                    expressions: _col0 (type: string)
                    outputColumnNames: _col0
                    Statistics: Num rows: 4 Data size: 801 Basic stats: COMPLETE Column stats: NONE
                    File Output Operator
                      compressed: false
                      Statistics: Num rows: 4 Data size: 801 Basic stats: COMPLETE Column stats: NONE
                      table:
                          input format: org.apache.hadoop.mapred.TextInputFormat
                          output format: org.apache.hadoop.hive.ql.io.HiveIgnoreKeyTextOutputFormat
                          serde: org.apache.hadoop.hive.serde2.lazy.LazySimpleSerDe

  Stage: Stage-0
    Fetch Operator
      limit: -1
      Processor Tree:
        ListSink

PREHOOK: query: SELECT key FROM src GROUP BY key HAVING max(value) > "val_255"
PREHOOK: type: QUERY
PREHOOK: Input: default@src
#### A masked pattern was here ####
POSTHOOK: query: SELECT key FROM src GROUP BY key HAVING max(value) > "val_255"
POSTHOOK: type: QUERY
POSTHOOK: Input: default@src
#### A masked pattern was here ####
436
364
403
374
95
382
30
455
498
287
311
76
87
406
463
459
263
335
28
98
4
404
47
54
368
377
37
280
57
308
291
278
484
409
317
475
260
429
417
284
413
309
27
296
67
96
289
427
418
472
454
310
360
460
5
481
85
58
369
482
9
34
419
378
281
82
292
285
400
53
298
397
43
272
332
321
389
286
421
487
78
396
375
83
258
307
41
392
277
327
490
333
64
477
256
401
402
435
393
362
492
288
438
448
394
457
480
384
323
497
446
26
386
467
468
51
315
273
366
74
345
424
491
431
395
342
302
69
66
70
449
458
356
430
466
478
453
493
338
365
379
353
283
485
275
452
351
325
414
84
399
305
367
262
437
479
80
407
411
336
322
44
443
341
274
8
318
92
33
496
444
432
344
470
483
495
339
35
373
348
72
316
462
97
494
331
90
65
489
306
469
77
282
266
42
257
265
439
86
PREHOOK: query: EXPLAIN SELECT key FROM src where key > 300 GROUP BY key HAVING max(value) > "val_255"
PREHOOK: type: QUERY
POSTHOOK: query: EXPLAIN SELECT key FROM src where key > 300 GROUP BY key HAVING max(value) > "val_255"
POSTHOOK: type: QUERY
STAGE DEPENDENCIES:
  Stage-1 is a root stage
  Stage-0 depends on stages: Stage-1

STAGE PLANS:
  Stage: Stage-1
    Spark
      Edges:
        Reducer 2 <- Map 1 (GROUP)
#### A masked pattern was here ####
      Vertices:
        Map 1 
            Map Operator Tree:
                TableScan
                  alias: src
                  Statistics: Num rows: 29 Data size: 5812 Basic stats: COMPLETE Column stats: NONE
                  Filter Operator
                    predicate: (key > 300) (type: boolean)
                    Statistics: Num rows: 9 Data size: 1803 Basic stats: COMPLETE Column stats: NONE
                    Select Operator
                      expressions: key (type: string), value (type: string)
                      outputColumnNames: key, value
                      Statistics: Num rows: 9 Data size: 1803 Basic stats: COMPLETE Column stats: NONE
                      Group By Operator
                        aggregations: max(value)
                        keys: key (type: string)
                        mode: hash
                        outputColumnNames: _col0, _col1
                        Statistics: Num rows: 9 Data size: 1803 Basic stats: COMPLETE Column stats: NONE
                        Reduce Output Operator
                          key expressions: _col0 (type: string)
                          sort order: +
                          Map-reduce partition columns: _col0 (type: string)
                          Statistics: Num rows: 9 Data size: 1803 Basic stats: COMPLETE Column stats: NONE
                          value expressions: _col1 (type: string)
        Reducer 2 
            Reduce Operator Tree:
              Group By Operator
                aggregations: max(VALUE._col0)
                keys: KEY._col0 (type: string)
                mode: mergepartial
                outputColumnNames: _col0, _col1
                Statistics: Num rows: 4 Data size: 801 Basic stats: COMPLETE Column stats: NONE
                Filter Operator
                  predicate: (_col1 > 'val_255') (type: boolean)
                  Statistics: Num rows: 1 Data size: 200 Basic stats: COMPLETE Column stats: NONE
                  Select Operator
                    expressions: _col0 (type: string)
                    outputColumnNames: _col0
                    Statistics: Num rows: 1 Data size: 200 Basic stats: COMPLETE Column stats: NONE
                    File Output Operator
                      compressed: false
                      Statistics: Num rows: 1 Data size: 200 Basic stats: COMPLETE Column stats: NONE
                      table:
                          input format: org.apache.hadoop.mapred.TextInputFormat
                          output format: org.apache.hadoop.hive.ql.io.HiveIgnoreKeyTextOutputFormat
                          serde: org.apache.hadoop.hive.serde2.lazy.LazySimpleSerDe

  Stage: Stage-0
    Fetch Operator
      limit: -1
      Processor Tree:
        ListSink

PREHOOK: query: SELECT key FROM src where key > 300 GROUP BY key HAVING max(value) > "val_255"
PREHOOK: type: QUERY
PREHOOK: Input: default@src
#### A masked pattern was here ####
POSTHOOK: query: SELECT key FROM src where key > 300 GROUP BY key HAVING max(value) > "val_255"
POSTHOOK: type: QUERY
POSTHOOK: Input: default@src
#### A masked pattern was here ####
364
436
438
448
403
394
374
480
384
323
497
446
457
468
467
386
315
382
455
366
498
345
342
424
491
311
395
431
302
406
463
459
335
449
458
356
404
430
377
368
466
478
453
493
338
308
365
379
353
485
452
484
409
351
325
317
475
429
414
417
413
309
399
305
367
336
479
437
407
411
427
418
443
322
341
472
454
310
360
460
318
481
496
369
482
444
432
344
470
483
495
419
378
339
373
348
400
316
462
494
397
332
331
321
389
333
477
396
487
421
375
489
327
307
392
306
469
490
439
435
401
402
393
362
492
PREHOOK: query: EXPLAIN SELECT key, max(value) FROM src GROUP BY key HAVING max(value) > "val_255"
PREHOOK: type: QUERY
POSTHOOK: query: EXPLAIN SELECT key, max(value) FROM src GROUP BY key HAVING max(value) > "val_255"
POSTHOOK: type: QUERY
STAGE DEPENDENCIES:
  Stage-1 is a root stage
  Stage-0 depends on stages: Stage-1

STAGE PLANS:
  Stage: Stage-1
    Spark
      Edges:
        Reducer 2 <- Map 1 (GROUP)
#### A masked pattern was here ####
      Vertices:
        Map 1 
            Map Operator Tree:
                TableScan
                  alias: src
                  Statistics: Num rows: 29 Data size: 5812 Basic stats: COMPLETE Column stats: NONE
                  Select Operator
                    expressions: key (type: string), value (type: string)
                    outputColumnNames: key, value
                    Statistics: Num rows: 29 Data size: 5812 Basic stats: COMPLETE Column stats: NONE
                    Group By Operator
                      aggregations: max(value)
                      keys: key (type: string)
                      mode: hash
                      outputColumnNames: _col0, _col1
                      Statistics: Num rows: 29 Data size: 5812 Basic stats: COMPLETE Column stats: NONE
                      Reduce Output Operator
                        key expressions: _col0 (type: string)
                        sort order: +
                        Map-reduce partition columns: _col0 (type: string)
                        Statistics: Num rows: 29 Data size: 5812 Basic stats: COMPLETE Column stats: NONE
                        value expressions: _col1 (type: string)
        Reducer 2 
            Reduce Operator Tree:
              Group By Operator
                aggregations: max(VALUE._col0)
                keys: KEY._col0 (type: string)
                mode: mergepartial
                outputColumnNames: _col0, _col1
                Statistics: Num rows: 14 Data size: 2805 Basic stats: COMPLETE Column stats: NONE
                Filter Operator
                  predicate: (_col1 > 'val_255') (type: boolean)
                  Statistics: Num rows: 4 Data size: 801 Basic stats: COMPLETE Column stats: NONE
                  Select Operator
                    expressions: _col0 (type: string), _col1 (type: string)
                    outputColumnNames: _col0, _col1
                    Statistics: Num rows: 4 Data size: 801 Basic stats: COMPLETE Column stats: NONE
                    File Output Operator
                      compressed: false
                      Statistics: Num rows: 4 Data size: 801 Basic stats: COMPLETE Column stats: NONE
                      table:
                          input format: org.apache.hadoop.mapred.TextInputFormat
                          output format: org.apache.hadoop.hive.ql.io.HiveIgnoreKeyTextOutputFormat
                          serde: org.apache.hadoop.hive.serde2.lazy.LazySimpleSerDe

  Stage: Stage-0
    Fetch Operator
      limit: -1
      Processor Tree:
        ListSink

PREHOOK: query: SELECT key, max(value) FROM src GROUP BY key HAVING max(value) > "val_255"
PREHOOK: type: QUERY
PREHOOK: Input: default@src
#### A masked pattern was here ####
POSTHOOK: query: SELECT key, max(value) FROM src GROUP BY key HAVING max(value) > "val_255"
POSTHOOK: type: QUERY
POSTHOOK: Input: default@src
#### A masked pattern was here ####
436	val_436
364	val_364
403	val_403
374	val_374
95	val_95
382	val_382
30	val_30
455	val_455
498	val_498
287	val_287
311	val_311
76	val_76
87	val_87
406	val_406
463	val_463
459	val_459
263	val_263
335	val_335
28	val_28
98	val_98
4	val_4
404	val_404
47	val_47
54	val_54
368	val_368
377	val_377
37	val_37
280	val_280
57	val_57
308	val_308
291	val_291
278	val_278
484	val_484
409	val_409
317	val_317
475	val_475
260	val_260
429	val_429
417	val_417
284	val_284
413	val_413
309	val_309
27	val_27
296	val_296
67	val_67
96	val_96
289	val_289
427	val_427
418	val_418
472	val_472
454	val_454
310	val_310
360	val_360
460	val_460
5	val_5
481	val_481
85	val_85
58	val_58
369	val_369
482	val_482
9	val_9
34	val_34
419	val_419
378	val_378
281	val_281
82	val_82
292	val_292
285	val_285
400	val_400
53	val_53
298	val_298
397	val_397
43	val_43
272	val_272
332	val_332
321	val_321
389	val_389
286	val_286
421	val_421
487	val_487
78	val_78
396	val_396
375	val_375
83	val_83
258	val_258
307	val_307
41	val_41
392	val_392
277	val_277
327	val_327
490	val_490
333	val_333
64	val_64
477	val_477
256	val_256
401	val_401
402	val_402
435	val_435
393	val_393
362	val_362
492	val_492
288	val_288
438	val_438
448	val_448
394	val_394
457	val_457
480	val_480
384	val_384
323	val_323
497	val_497
446	val_446
26	val_26
386	val_386
467	val_467
468	val_468
51	val_51
315	val_315
273	val_273
366	val_366
74	val_74
345	val_345
424	val_424
491	val_491
431	val_431
395	val_395
342	val_342
302	val_302
69	val_69
66	val_66
70	val_70
449	val_449
458	val_458
356	val_356
430	val_430
466	val_466
478	val_478
453	val_453
493	val_493
338	val_338
365	val_365
379	val_379
353	val_353
283	val_283
485	val_485
275	val_275
452	val_452
351	val_351
325	val_325
414	val_414
84	val_84
399	val_399
305	val_305
367	val_367
262	val_262
437	val_437
479	val_479
80	val_80
407	val_407
411	val_411
336	val_336
322	val_322
44	val_44
443	val_443
341	val_341
274	val_274
8	val_8
318	val_318
92	val_92
33	val_33
496	val_496
444	val_444
432	val_432
344	val_344
470	val_470
483	val_483
495	val_495
339	val_339
35	val_35
373	val_373
348	val_348
72	val_72
316	val_316
462	val_462
97	val_97
494	val_494
331	val_331
90	val_90
65	val_65
489	val_489
306	val_306
469	val_469
77	val_77
282	val_282
266	val_266
42	val_42
257	val_257
265	val_265
439	val_439
86	val_86
PREHOOK: query: EXPLAIN SELECT key, COUNT(value) FROM src GROUP BY key HAVING count(value) >= 4
PREHOOK: type: QUERY
POSTHOOK: query: EXPLAIN SELECT key, COUNT(value) FROM src GROUP BY key HAVING count(value) >= 4
POSTHOOK: type: QUERY
STAGE DEPENDENCIES:
  Stage-1 is a root stage
  Stage-0 depends on stages: Stage-1

STAGE PLANS:
  Stage: Stage-1
    Spark
      Edges:
        Reducer 2 <- Map 1 (GROUP)
#### A masked pattern was here ####
      Vertices:
        Map 1 
            Map Operator Tree:
                TableScan
                  alias: src
                  Statistics: Num rows: 29 Data size: 5812 Basic stats: COMPLETE Column stats: NONE
                  Select Operator
                    expressions: key (type: string), value (type: string)
                    outputColumnNames: key, value
                    Statistics: Num rows: 29 Data size: 5812 Basic stats: COMPLETE Column stats: NONE
                    Group By Operator
                      aggregations: count(value)
                      keys: key (type: string)
                      mode: hash
                      outputColumnNames: _col0, _col1
                      Statistics: Num rows: 29 Data size: 5812 Basic stats: COMPLETE Column stats: NONE
                      Reduce Output Operator
                        key expressions: _col0 (type: string)
                        sort order: +
                        Map-reduce partition columns: _col0 (type: string)
                        Statistics: Num rows: 29 Data size: 5812 Basic stats: COMPLETE Column stats: NONE
                        value expressions: _col1 (type: bigint)
        Reducer 2 
            Reduce Operator Tree:
              Group By Operator
                aggregations: count(VALUE._col0)
                keys: KEY._col0 (type: string)
                mode: mergepartial
                outputColumnNames: _col0, _col1
                Statistics: Num rows: 14 Data size: 2805 Basic stats: COMPLETE Column stats: NONE
                Filter Operator
                  predicate: (_col1 >= 4) (type: boolean)
                  Statistics: Num rows: 4 Data size: 801 Basic stats: COMPLETE Column stats: NONE
                  Select Operator
                    expressions: _col0 (type: string), _col1 (type: bigint)
                    outputColumnNames: _col0, _col1
                    Statistics: Num rows: 4 Data size: 801 Basic stats: COMPLETE Column stats: NONE
                    File Output Operator
                      compressed: false
                      Statistics: Num rows: 4 Data size: 801 Basic stats: COMPLETE Column stats: NONE
                      table:
                          input format: org.apache.hadoop.mapred.TextInputFormat
                          output format: org.apache.hadoop.hive.ql.io.HiveIgnoreKeyTextOutputFormat
                          serde: org.apache.hadoop.hive.serde2.lazy.LazySimpleSerDe

  Stage: Stage-0
    Fetch Operator
      limit: -1
      Processor Tree:
        ListSink

PREHOOK: query: SELECT key, COUNT(value) FROM src GROUP BY key HAVING count(value) >= 4
PREHOOK: type: QUERY
PREHOOK: Input: default@src
#### A masked pattern was here ####
POSTHOOK: query: SELECT key, COUNT(value) FROM src GROUP BY key HAVING count(value) >= 4
POSTHOOK: type: QUERY
POSTHOOK: Input: default@src
#### A masked pattern was here ####
406	4
230	5
277	4
401	5
468	4
138	4
169	4
348	5
489	4
469	5
