PREHOOK: query: explain select *
from part p1 join part p2 join part p3 
where p1.p_name = p2.p_name and p2.p_name = p3.p_name
PREHOOK: type: QUERY
POSTHOOK: query: explain select *
from part p1 join part p2 join part p3 
where p1.p_name = p2.p_name and p2.p_name = p3.p_name
POSTHOOK: type: QUERY
STAGE DEPENDENCIES:
  Stage-2 is a root stage
  Stage-1 depends on stages: Stage-2
  Stage-0 depends on stages: Stage-1

STAGE PLANS:
  Stage: Stage-2
    Spark
#### A masked pattern was here ####
      Vertices:
        Map 1 
            Map Operator Tree:
                TableScan
                  alias: p3
                  Statistics: Num rows: 26 Data size: 3147 Basic stats: COMPLETE Column stats: NONE
                  Filter Operator
                    predicate: p_name is not null (type: boolean)
                    Statistics: Num rows: 13 Data size: 1573 Basic stats: COMPLETE Column stats: NONE
                    Spark HashTable Sink Operator
                      condition expressions:
                        0 {p_partkey} {p_name} {p_mfgr} {p_brand} {p_type} {p_size} {p_container} {p_retailprice} {p_comment}
                        1 {p_partkey} {p_name} {p_mfgr} {p_brand} {p_type} {p_size} {p_container} {p_retailprice} {p_comment}
                        2 {p_partkey} {p_mfgr} {p_brand} {p_type} {p_size} {p_container} {p_retailprice} {p_comment}
                      keys:
                        0 p_name (type: string)
                        1 p_name (type: string)
                        2 p_name (type: string)
            Local Work:
              Map Reduce Local Work
        Map 2 
            Map Operator Tree:
                TableScan
                  alias: p2
                  Statistics: Num rows: 26 Data size: 3147 Basic stats: COMPLETE Column stats: NONE
                  Filter Operator
                    predicate: p_name is not null (type: boolean)
                    Statistics: Num rows: 13 Data size: 1573 Basic stats: COMPLETE Column stats: NONE
                    Spark HashTable Sink Operator
                      condition expressions:
                        0 {p_partkey} {p_name} {p_mfgr} {p_brand} {p_type} {p_size} {p_container} {p_retailprice} {p_comment}
                        1 {p_partkey} {p_mfgr} {p_brand} {p_type} {p_size} {p_container} {p_retailprice} {p_comment}
                        2 {p_partkey} {p_name} {p_mfgr} {p_brand} {p_type} {p_size} {p_container} {p_retailprice} {p_comment}
                      keys:
                        0 p_name (type: string)
                        1 p_name (type: string)
                        2 p_name (type: string)
            Local Work:
              Map Reduce Local Work

  Stage: Stage-1
    Spark
#### A masked pattern was here ####
      Vertices:
        Map 3 
            Map Operator Tree:
                TableScan
                  alias: p1
                  Statistics: Num rows: 26 Data size: 3147 Basic stats: COMPLETE Column stats: NONE
                  Filter Operator
                    predicate: p_name is not null (type: boolean)
                    Statistics: Num rows: 13 Data size: 1573 Basic stats: COMPLETE Column stats: NONE
                    Map Join Operator
                      condition map:
                           Inner Join 0 to 1
                           Inner Join 1 to 2
                      condition expressions:
                        0 {p_partkey} {p_name} {p_mfgr} {p_brand} {p_type} {p_size} {p_container} {p_retailprice} {p_comment}
                        1 {p_partkey} {p_name} {p_mfgr} {p_brand} {p_type} {p_size} {p_container} {p_retailprice} {p_comment}
                        2 {p_partkey} {p_name} {p_mfgr} {p_brand} {p_type} {p_size} {p_container} {p_retailprice} {p_comment}
                      keys:
                        0 p_name (type: string)
                        1 p_name (type: string)
                        2 p_name (type: string)
                      outputColumnNames: _col0, _col1, _col2, _col3, _col4, _col5, _col6, _col7, _col8, _col12, _col13, _col14, _col15, _col16, _col17, _col18, _col19, _col20, _col24, _col25, _col26, _col27, _col28, _col29, _col30, _col31, _col32
                      input vertices:
                        1 Map 2
                        2 Map 1
                      Statistics: Num rows: 28 Data size: 3460 Basic stats: COMPLETE Column stats: NONE
                      Filter Operator
                        predicate: ((_col1 = _col13) and (_col13 = _col25)) (type: boolean)
                        Statistics: Num rows: 7 Data size: 865 Basic stats: COMPLETE Column stats: NONE
                        Select Operator
                          expressions: _col0 (type: int), _col1 (type: string), _col2 (type: string), _col3 (type: string), _col4 (type: string), _col5 (type: int), _col6 (type: string), _col7 (type: double), _col8 (type: string), _col12 (type: int), _col13 (type: string), _col14 (type: string), _col15 (type: string), _col16 (type: string), _col17 (type: int), _col18 (type: string), _col19 (type: double), _col20 (type: string), _col24 (type: int), _col25 (type: string), _col26 (type: string), _col27 (type: string), _col28 (type: string), _col29 (type: int), _col30 (type: string), _col31 (type: double), _col32 (type: string)
                          outputColumnNames: _col0, _col1, _col2, _col3, _col4, _col5, _col6, _col7, _col8, _col9, _col10, _col11, _col12, _col13, _col14, _col15, _col16, _col17, _col18, _col19, _col20, _col21, _col22, _col23, _col24, _col25, _col26
                          Statistics: Num rows: 7 Data size: 865 Basic stats: COMPLETE Column stats: NONE
                          File Output Operator
                            compressed: false
                            Statistics: Num rows: 7 Data size: 865 Basic stats: COMPLETE Column stats: NONE
                            table:
                                input format: org.apache.hadoop.mapred.TextInputFormat
                                output format: org.apache.hadoop.hive.ql.io.HiveIgnoreKeyTextOutputFormat
                                serde: org.apache.hadoop.hive.serde2.lazy.LazySimpleSerDe
            Local Work:
              Map Reduce Local Work

  Stage: Stage-0
    Fetch Operator
      limit: -1
      Processor Tree:
        ListSink

PREHOOK: query: explain select *
from part p1 join part p2 join part p3 
where p2.p_name = p1.p_name and p3.p_name = p2.p_name
PREHOOK: type: QUERY
POSTHOOK: query: explain select *
from part p1 join part p2 join part p3 
where p2.p_name = p1.p_name and p3.p_name = p2.p_name
POSTHOOK: type: QUERY
STAGE DEPENDENCIES:
  Stage-2 is a root stage
  Stage-1 depends on stages: Stage-2
  Stage-0 depends on stages: Stage-1

STAGE PLANS:
  Stage: Stage-2
    Spark
#### A masked pattern was here ####
      Vertices:
        Map 1 
            Map Operator Tree:
                TableScan
                  alias: p3
                  Statistics: Num rows: 26 Data size: 3147 Basic stats: COMPLETE Column stats: NONE
                  Filter Operator
                    predicate: p_name is not null (type: boolean)
                    Statistics: Num rows: 13 Data size: 1573 Basic stats: COMPLETE Column stats: NONE
                    Spark HashTable Sink Operator
                      condition expressions:
                        0 {p_partkey} {p_name} {p_mfgr} {p_brand} {p_type} {p_size} {p_container} {p_retailprice} {p_comment}
                        1 {p_partkey} {p_name} {p_mfgr} {p_brand} {p_type} {p_size} {p_container} {p_retailprice} {p_comment}
                        2 {p_partkey} {p_mfgr} {p_brand} {p_type} {p_size} {p_container} {p_retailprice} {p_comment}
                      keys:
                        0 p_name (type: string)
                        1 p_name (type: string)
                        2 p_name (type: string)
            Local Work:
              Map Reduce Local Work
        Map 2 
            Map Operator Tree:
                TableScan
                  alias: p2
                  Statistics: Num rows: 26 Data size: 3147 Basic stats: COMPLETE Column stats: NONE
                  Filter Operator
                    predicate: p_name is not null (type: boolean)
                    Statistics: Num rows: 13 Data size: 1573 Basic stats: COMPLETE Column stats: NONE
                    Spark HashTable Sink Operator
                      condition expressions:
                        0 {p_partkey} {p_name} {p_mfgr} {p_brand} {p_type} {p_size} {p_container} {p_retailprice} {p_comment}
                        1 {p_partkey} {p_mfgr} {p_brand} {p_type} {p_size} {p_container} {p_retailprice} {p_comment}
                        2 {p_partkey} {p_name} {p_mfgr} {p_brand} {p_type} {p_size} {p_container} {p_retailprice} {p_comment}
                      keys:
                        0 p_name (type: string)
                        1 p_name (type: string)
                        2 p_name (type: string)
            Local Work:
              Map Reduce Local Work

  Stage: Stage-1
    Spark
#### A masked pattern was here ####
      Vertices:
        Map 3 
            Map Operator Tree:
                TableScan
                  alias: p1
                  Statistics: Num rows: 26 Data size: 3147 Basic stats: COMPLETE Column stats: NONE
                  Filter Operator
                    predicate: p_name is not null (type: boolean)
                    Statistics: Num rows: 13 Data size: 1573 Basic stats: COMPLETE Column stats: NONE
                    Map Join Operator
                      condition map:
                           Inner Join 0 to 1
                           Inner Join 1 to 2
                      condition expressions:
                        0 {p_partkey} {p_name} {p_mfgr} {p_brand} {p_type} {p_size} {p_container} {p_retailprice} {p_comment}
                        1 {p_partkey} {p_name} {p_mfgr} {p_brand} {p_type} {p_size} {p_container} {p_retailprice} {p_comment}
                        2 {p_partkey} {p_name} {p_mfgr} {p_brand} {p_type} {p_size} {p_container} {p_retailprice} {p_comment}
                      keys:
                        0 p_name (type: string)
                        1 p_name (type: string)
                        2 p_name (type: string)
                      outputColumnNames: _col0, _col1, _col2, _col3, _col4, _col5, _col6, _col7, _col8, _col12, _col13, _col14, _col15, _col16, _col17, _col18, _col19, _col20, _col24, _col25, _col26, _col27, _col28, _col29, _col30, _col31, _col32
                      input vertices:
                        1 Map 2
                        2 Map 1
                      Statistics: Num rows: 28 Data size: 3460 Basic stats: COMPLETE Column stats: NONE
                      Filter Operator
                        predicate: ((_col13 = _col1) and (_col25 = _col13)) (type: boolean)
                        Statistics: Num rows: 7 Data size: 865 Basic stats: COMPLETE Column stats: NONE
                        Select Operator
                          expressions: _col0 (type: int), _col1 (type: string), _col2 (type: string), _col3 (type: string), _col4 (type: string), _col5 (type: int), _col6 (type: string), _col7 (type: double), _col8 (type: string), _col12 (type: int), _col13 (type: string), _col14 (type: string), _col15 (type: string), _col16 (type: string), _col17 (type: int), _col18 (type: string), _col19 (type: double), _col20 (type: string), _col24 (type: int), _col25 (type: string), _col26 (type: string), _col27 (type: string), _col28 (type: string), _col29 (type: int), _col30 (type: string), _col31 (type: double), _col32 (type: string)
                          outputColumnNames: _col0, _col1, _col2, _col3, _col4, _col5, _col6, _col7, _col8, _col9, _col10, _col11, _col12, _col13, _col14, _col15, _col16, _col17, _col18, _col19, _col20, _col21, _col22, _col23, _col24, _col25, _col26
                          Statistics: Num rows: 7 Data size: 865 Basic stats: COMPLETE Column stats: NONE
                          File Output Operator
                            compressed: false
                            Statistics: Num rows: 7 Data size: 865 Basic stats: COMPLETE Column stats: NONE
                            table:
                                input format: org.apache.hadoop.mapred.TextInputFormat
                                output format: org.apache.hadoop.hive.ql.io.HiveIgnoreKeyTextOutputFormat
                                serde: org.apache.hadoop.hive.serde2.lazy.LazySimpleSerDe
            Local Work:
              Map Reduce Local Work

  Stage: Stage-0
    Fetch Operator
      limit: -1
      Processor Tree:
        ListSink

PREHOOK: query: explain select *
from part p1 join part p2 join part p3 
where p2.p_partkey + p1.p_partkey = p1.p_partkey and p3.p_name = p2.p_name
PREHOOK: type: QUERY
POSTHOOK: query: explain select *
from part p1 join part p2 join part p3 
where p2.p_partkey + p1.p_partkey = p1.p_partkey and p3.p_name = p2.p_name
POSTHOOK: type: QUERY
STAGE DEPENDENCIES:
  Stage-3 is a root stage
  Stage-2 depends on stages: Stage-3
  Stage-1 depends on stages: Stage-2
  Stage-0 depends on stages: Stage-1

STAGE PLANS:
  Stage: Stage-3
    Spark
#### A masked pattern was here ####
      Vertices:
        Map 2 
            Map Operator Tree:
                TableScan
                  alias: p2
                  Statistics: Num rows: 26 Data size: 3147 Basic stats: COMPLETE Column stats: NONE
                  Filter Operator
                    predicate: p_name is not null (type: boolean)
                    Statistics: Num rows: 13 Data size: 1573 Basic stats: COMPLETE Column stats: NONE
                    Spark HashTable Sink Operator
                      condition expressions:
                        0 {p_partkey} {p_name} {p_mfgr} {p_brand} {p_type} {p_size} {p_container} {p_retailprice} {p_comment}
                        1 {p_partkey} {p_name} {p_mfgr} {p_brand} {p_type} {p_size} {p_container} {p_retailprice} {p_comment}
                      keys:
                        0 
                        1 
            Local Work:
              Map Reduce Local Work

  Stage: Stage-2
    Spark
#### A masked pattern was here ####
      Vertices:
        Map 3 
            Map Operator Tree:
                TableScan
                  alias: p1
                  Statistics: Num rows: 26 Data size: 3147 Basic stats: COMPLETE Column stats: NONE
                  Map Join Operator
                    condition map:
                         Inner Join 0 to 1
                    condition expressions:
                      0 {p_partkey} {p_name} {p_mfgr} {p_brand} {p_type} {p_size} {p_container} {p_retailprice} {p_comment}
                      1 {p_partkey} {p_name} {p_mfgr} {p_brand} {p_type} {p_size} {p_container} {p_retailprice} {p_comment}
                    keys:
                      0 
                      1 
                    outputColumnNames: _col0, _col1, _col2, _col3, _col4, _col5, _col6, _col7, _col8, _col12, _col13, _col14, _col15, _col16, _col17, _col18, _col19, _col20
                    input vertices:
                      1 Map 2
                    Statistics: Num rows: 28 Data size: 3461 Basic stats: COMPLETE Column stats: NONE
                    Filter Operator
                      predicate: (((_col12 + _col0) = _col0) and _col13 is not null) (type: boolean)
                      Statistics: Num rows: 7 Data size: 865 Basic stats: COMPLETE Column stats: NONE
                      Spark HashTable Sink Operator
                        condition expressions:
                          0 {_col0} {_col1} {_col2} {_col3} {_col4} {_col5} {_col6} {_col7} {_col8} {_col12} {_col14} {_col15} {_col16} {_col17} {_col18} {_col19} {_col20}
                          1 {p_partkey} {p_name} {p_mfgr} {p_brand} {p_type} {p_size} {p_container} {p_retailprice} {p_comment}
                        keys:
                          0 _col13 (type: string)
                          1 p_name (type: string)
            Local Work:
              Map Reduce Local Work

  Stage: Stage-1
    Spark
#### A masked pattern was here ####
      Vertices:
        Map 1 
            Map Operator Tree:
                TableScan
                  alias: p3
                  Statistics: Num rows: 26 Data size: 3147 Basic stats: COMPLETE Column stats: NONE
                  Filter Operator
                    predicate: p_name is not null (type: boolean)
                    Statistics: Num rows: 13 Data size: 1573 Basic stats: COMPLETE Column stats: NONE
                    Map Join Operator
                      condition map:
                           Inner Join 0 to 1
                      condition expressions:
                        0 {_col0} {_col1} {_col2} {_col3} {_col4} {_col5} {_col6} {_col7} {_col8} {_col12} {_col13} {_col14} {_col15} {_col16} {_col17} {_col18} {_col19} {_col20}
                        1 {p_partkey} {p_name} {p_mfgr} {p_brand} {p_type} {p_size} {p_container} {p_retailprice} {p_comment}
                      keys:
                        0 _col13 (type: string)
                        1 p_name (type: string)
                      outputColumnNames: _col0, _col1, _col2, _col3, _col4, _col5, _col6, _col7, _col8, _col12, _col13, _col14, _col15, _col16, _col17, _col18, _col19, _col20, _col24, _col25, _col26, _col27, _col28, _col29, _col30, _col31, _col32
                      input vertices:
                        0 Map 3
                      Statistics: Num rows: 14 Data size: 1730 Basic stats: COMPLETE Column stats: NONE
                      Filter Operator
                        predicate: (((_col12 + _col0) = _col0) and (_col25 = _col13)) (type: boolean)
                        Statistics: Num rows: 3 Data size: 370 Basic stats: COMPLETE Column stats: NONE
                        Select Operator
                          expressions: _col0 (type: int), _col1 (type: string), _col2 (type: string), _col3 (type: string), _col4 (type: string), _col5 (type: int), _col6 (type: string), _col7 (type: double), _col8 (type: string), _col12 (type: int), _col13 (type: string), _col14 (type: string), _col15 (type: string), _col16 (type: string), _col17 (type: int), _col18 (type: string), _col19 (type: double), _col20 (type: string), _col24 (type: int), _col25 (type: string), _col26 (type: string), _col27 (type: string), _col28 (type: string), _col29 (type: int), _col30 (type: string), _col31 (type: double), _col32 (type: string)
                          outputColumnNames: _col0, _col1, _col2, _col3, _col4, _col5, _col6, _col7, _col8, _col9, _col10, _col11, _col12, _col13, _col14, _col15, _col16, _col17, _col18, _col19, _col20, _col21, _col22, _col23, _col24, _col25, _col26
                          Statistics: Num rows: 3 Data size: 370 Basic stats: COMPLETE Column stats: NONE
                          File Output Operator
                            compressed: false
                            Statistics: Num rows: 3 Data size: 370 Basic stats: COMPLETE Column stats: NONE
                            table:
                                input format: org.apache.hadoop.mapred.TextInputFormat
                                output format: org.apache.hadoop.hive.ql.io.HiveIgnoreKeyTextOutputFormat
                                serde: org.apache.hadoop.hive.serde2.lazy.LazySimpleSerDe
            Local Work:
              Map Reduce Local Work

  Stage: Stage-0
    Fetch Operator
      limit: -1
      Processor Tree:
        ListSink

PREHOOK: query: explain select *
from part p1 join part p2 join part p3 
where p2.p_partkey = 1 and p3.p_name = p2.p_name
PREHOOK: type: QUERY
POSTHOOK: query: explain select *
from part p1 join part p2 join part p3 
where p2.p_partkey = 1 and p3.p_name = p2.p_name
POSTHOOK: type: QUERY
STAGE DEPENDENCIES:
  Stage-2 is a root stage
  Stage-1 depends on stages: Stage-2
  Stage-0 depends on stages: Stage-1

STAGE PLANS:
  Stage: Stage-2
    Spark
#### A masked pattern was here ####
      Vertices:
        Map 1 
            Map Operator Tree:
                TableScan
                  alias: p3
                  Statistics: Num rows: 26 Data size: 3147 Basic stats: COMPLETE Column stats: NONE
                  Filter Operator
                    predicate: p_name is not null (type: boolean)
                    Statistics: Num rows: 13 Data size: 1573 Basic stats: COMPLETE Column stats: NONE
                    Spark HashTable Sink Operator
                      condition expressions:
                        0 {_col0} {_col1} {_col2} {_col3} {_col4} {_col5} {_col6} {_col7} {_col8} {_col13} {_col14} {_col15} {_col16} {_col17} {_col18} {_col19} {_col20}
                        1 {p_partkey} {p_mfgr} {p_brand} {p_type} {p_size} {p_container} {p_retailprice} {p_comment}
                      keys:
                        0 _col13 (type: string)
                        1 p_name (type: string)
            Local Work:
              Map Reduce Local Work
        Map 2 
            Map Operator Tree:
                TableScan
                  alias: p2
                  Statistics: Num rows: 26 Data size: 3147 Basic stats: COMPLETE Column stats: NONE
                  Filter Operator
                    predicate: (p_name is not null and (p_partkey = 1)) (type: boolean)
                    Statistics: Num rows: 6 Data size: 726 Basic stats: COMPLETE Column stats: NONE
                    Spark HashTable Sink Operator
                      condition expressions:
                        0 {p_partkey} {p_name} {p_mfgr} {p_brand} {p_type} {p_size} {p_container} {p_retailprice} {p_comment}
                        1 {p_name} {p_mfgr} {p_brand} {p_type} {p_size} {p_container} {p_retailprice} {p_comment}
                      keys:
                        0 
                        1 
            Local Work:
              Map Reduce Local Work

  Stage: Stage-1
    Spark
#### A masked pattern was here ####
      Vertices:
        Map 3 
            Map Operator Tree:
                TableScan
                  alias: p1
                  Statistics: Num rows: 26 Data size: 3147 Basic stats: COMPLETE Column stats: NONE
                  Map Join Operator
                    condition map:
                         Inner Join 0 to 1
                    condition expressions:
                      0 {p_partkey} {p_name} {p_mfgr} {p_brand} {p_type} {p_size} {p_container} {p_retailprice} {p_comment}
                      1 {p_name} {p_mfgr} {p_brand} {p_type} {p_size} {p_container} {p_retailprice} {p_comment}
                    keys:
                      0 
                      1 
                    outputColumnNames: _col0, _col1, _col2, _col3, _col4, _col5, _col6, _col7, _col8, _col13, _col14, _col15, _col16, _col17, _col18, _col19, _col20
                    input vertices:
                      1 Map 2
                    Statistics: Num rows: 28 Data size: 3461 Basic stats: COMPLETE Column stats: NONE
                    Map Join Operator
                      condition map:
                           Inner Join 0 to 1
                      condition expressions:
                        0 {_col0} {_col1} {_col2} {_col3} {_col4} {_col5} {_col6} {_col7} {_col8} {_col13} {_col14} {_col15} {_col16} {_col17} {_col18} {_col19} {_col20}
                        1 {p_partkey} {p_name} {p_mfgr} {p_brand} {p_type} {p_size} {p_container} {p_retailprice} {p_comment}
                      keys:
                        0 _col13 (type: string)
                        1 p_name (type: string)
                      outputColumnNames: _col0, _col1, _col2, _col3, _col4, _col5, _col6, _col7, _col8, _col13, _col14, _col15, _col16, _col17, _col18, _col19, _col20, _col24, _col25, _col26, _col27, _col28, _col29, _col30, _col31, _col32
                      input vertices:
                        1 Map 1
                      Statistics: Num rows: 30 Data size: 3807 Basic stats: COMPLETE Column stats: NONE
                      Filter Operator
                        predicate: (_col25 = _col13) (type: boolean)
                        Statistics: Num rows: 15 Data size: 1903 Basic stats: COMPLETE Column stats: NONE
                        Select Operator
                          expressions: _col0 (type: int), _col1 (type: string), _col2 (type: string), _col3 (type: string), _col4 (type: string), _col5 (type: int), _col6 (type: string), _col7 (type: double), _col8 (type: string), 1 (type: int), _col13 (type: string), _col14 (type: string), _col15 (type: string), _col16 (type: string), _col17 (type: int), _col18 (type: string), _col19 (type: double), _col20 (type: string), _col24 (type: int), _col25 (type: string), _col26 (type: string), _col27 (type: string), _col28 (type: string), _col29 (type: int), _col30 (type: string), _col31 (type: double), _col32 (type: string)
                          outputColumnNames: _col0, _col1, _col2, _col3, _col4, _col5, _col6, _col7, _col8, _col9, _col10, _col11, _col12, _col13, _col14, _col15, _col16, _col17, _col18, _col19, _col20, _col21, _col22, _col23, _col24, _col25, _col26
                          Statistics: Num rows: 15 Data size: 1903 Basic stats: COMPLETE Column stats: NONE
                          File Output Operator
                            compressed: false
                            Statistics: Num rows: 15 Data size: 1903 Basic stats: COMPLETE Column stats: NONE
                            table:
                                input format: org.apache.hadoop.mapred.TextInputFormat
                                output format: org.apache.hadoop.hive.ql.io.HiveIgnoreKeyTextOutputFormat
                                serde: org.apache.hadoop.hive.serde2.lazy.LazySimpleSerDe
            Local Work:
              Map Reduce Local Work

  Stage: Stage-0
    Fetch Operator
      limit: -1
      Processor Tree:
        ListSink

