PREHOOK: query: CREATE TABLE T1(key STRING, val STRING) STORED AS TEXTFILE
PREHOOK: type: CREATETABLE
PREHOOK: Output: database:default
PREHOOK: Output: default@T1
POSTHOOK: query: CREATE TABLE T1(key STRING, val STRING) STORED AS TEXTFILE
POSTHOOK: type: CREATETABLE
POSTHOOK: Output: database:default
POSTHOOK: Output: default@T1
PREHOOK: query: CREATE TABLE T2(key STRING, val STRING) STORED AS TEXTFILE
PREHOOK: type: CREATETABLE
PREHOOK: Output: database:default
PREHOOK: Output: default@T2
POSTHOOK: query: CREATE TABLE T2(key STRING, val STRING) STORED AS TEXTFILE
POSTHOOK: type: CREATETABLE
POSTHOOK: Output: database:default
POSTHOOK: Output: default@T2
PREHOOK: query: CREATE TABLE T3(key STRING, val STRING) STORED AS TEXTFILE
PREHOOK: type: CREATETABLE
PREHOOK: Output: database:default
PREHOOK: Output: default@T3
POSTHOOK: query: CREATE TABLE T3(key STRING, val STRING) STORED AS TEXTFILE
POSTHOOK: type: CREATETABLE
POSTHOOK: Output: database:default
POSTHOOK: Output: default@T3
PREHOOK: query: CREATE TABLE T4(key STRING, val STRING) STORED AS TEXTFILE
PREHOOK: type: CREATETABLE
PREHOOK: Output: database:default
PREHOOK: Output: default@T4
POSTHOOK: query: CREATE TABLE T4(key STRING, val STRING) STORED AS TEXTFILE
POSTHOOK: type: CREATETABLE
POSTHOOK: Output: database:default
POSTHOOK: Output: default@T4
PREHOOK: query: LOAD DATA LOCAL INPATH '../../data/files/T1.txt' INTO TABLE T1
PREHOOK: type: LOAD
#### A masked pattern was here ####
PREHOOK: Output: default@t1
POSTHOOK: query: LOAD DATA LOCAL INPATH '../../data/files/T1.txt' INTO TABLE T1
POSTHOOK: type: LOAD
#### A masked pattern was here ####
POSTHOOK: Output: default@t1
PREHOOK: query: LOAD DATA LOCAL INPATH '../../data/files/T2.txt' INTO TABLE T2
PREHOOK: type: LOAD
#### A masked pattern was here ####
PREHOOK: Output: default@t2
POSTHOOK: query: LOAD DATA LOCAL INPATH '../../data/files/T2.txt' INTO TABLE T2
POSTHOOK: type: LOAD
#### A masked pattern was here ####
POSTHOOK: Output: default@t2
PREHOOK: query: LOAD DATA LOCAL INPATH '../../data/files/T3.txt' INTO TABLE T3
PREHOOK: type: LOAD
#### A masked pattern was here ####
PREHOOK: Output: default@t3
POSTHOOK: query: LOAD DATA LOCAL INPATH '../../data/files/T3.txt' INTO TABLE T3
POSTHOOK: type: LOAD
#### A masked pattern was here ####
POSTHOOK: Output: default@t3
PREHOOK: query: LOAD DATA LOCAL INPATH '../../data/files/T1.txt' INTO TABLE T4
PREHOOK: type: LOAD
#### A masked pattern was here ####
PREHOOK: Output: default@t4
POSTHOOK: query: LOAD DATA LOCAL INPATH '../../data/files/T1.txt' INTO TABLE T4
POSTHOOK: type: LOAD
#### A masked pattern was here ####
POSTHOOK: Output: default@t4
PREHOOK: query: EXPLAIN
SELECT /*+ STREAMTABLE(a) */ *
FROM T1 a JOIN T2 b ON a.key = b.key
          JOIN T3 c ON b.key = c.key
          JOIN T4 d ON c.key = d.key
PREHOOK: type: QUERY
POSTHOOK: query: EXPLAIN
SELECT /*+ STREAMTABLE(a) */ *
FROM T1 a JOIN T2 b ON a.key = b.key
          JOIN T3 c ON b.key = c.key
          JOIN T4 d ON c.key = d.key
POSTHOOK: type: QUERY
STAGE DEPENDENCIES:
  Stage-3 is a root stage
  Stage-1 depends on stages: Stage-3
  Stage-0 depends on stages: Stage-1

STAGE PLANS:
  Stage: Stage-3
    Spark
#### A masked pattern was here ####
      Vertices:
        Map 1 
            Map Operator Tree:
                TableScan
                  alias: d
                  Statistics: Num rows: 0 Data size: 30 Basic stats: PARTIAL Column stats: NONE
                  Filter Operator
                    predicate: key is not null (type: boolean)
                    Statistics: Num rows: 0 Data size: 0 Basic stats: NONE Column stats: NONE
                    Spark HashTable Sink Operator
                      condition expressions:
                        0 {key} {val}
                        1 {key} {val}
                        2 {key} {val}
                        3 {val}
                      keys:
                        0 key (type: string)
                        1 key (type: string)
                        2 key (type: string)
                        3 key (type: string)
            Local Work:
              Map Reduce Local Work
        Map 2 
            Map Operator Tree:
                TableScan
                  alias: b
                  Statistics: Num rows: 0 Data size: 30 Basic stats: PARTIAL Column stats: NONE
                  Filter Operator
                    predicate: key is not null (type: boolean)
                    Statistics: Num rows: 0 Data size: 0 Basic stats: NONE Column stats: NONE
                    Spark HashTable Sink Operator
                      condition expressions:
                        0 {key} {val}
                        1 {val}
                        2 {key} {val}
                        3 {key} {val}
                      keys:
                        0 key (type: string)
                        1 key (type: string)
                        2 key (type: string)
                        3 key (type: string)
            Local Work:
              Map Reduce Local Work
        Map 3 
            Map Operator Tree:
                TableScan
                  alias: c
                  Statistics: Num rows: 0 Data size: 20 Basic stats: PARTIAL Column stats: NONE
                  Filter Operator
                    predicate: key is not null (type: boolean)
                    Statistics: Num rows: 0 Data size: 0 Basic stats: NONE Column stats: NONE
                    Spark HashTable Sink Operator
                      condition expressions:
                        0 {key} {val}
                        1 {key} {val}
                        2 {val}
                        3 {key} {val}
                      keys:
                        0 key (type: string)
                        1 key (type: string)
                        2 key (type: string)
                        3 key (type: string)
            Local Work:
              Map Reduce Local Work

  Stage: Stage-1
    Spark
#### A masked pattern was here ####
      Vertices:
        Map 4 
            Map Operator Tree:
                TableScan
                  alias: a
                  Statistics: Num rows: 0 Data size: 30 Basic stats: PARTIAL Column stats: NONE
                  Filter Operator
                    predicate: key is not null (type: boolean)
                    Statistics: Num rows: 0 Data size: 0 Basic stats: NONE Column stats: NONE
                    Map Join Operator
                      condition map:
                           Inner Join 0 to 1
                           Inner Join 1 to 2
                           Inner Join 2 to 3
                      condition expressions:
                        0 {key} {val}
                        1 {key} {val}
                        2 {key} {val}
                        3 {key} {val}
                      keys:
                        0 key (type: string)
                        1 key (type: string)
                        2 key (type: string)
                        3 key (type: string)
                      outputColumnNames: _col0, _col1, _col5, _col6, _col10, _col11, _col15, _col16
                      input vertices:
                        1 Map 2
                        2 Map 3
                        3 Map 1
                      Statistics: Num rows: 0 Data size: 0 Basic stats: NONE Column stats: NONE
                      Select Operator
                        expressions: _col0 (type: string), _col1 (type: string), _col5 (type: string), _col6 (type: string), _col10 (type: string), _col11 (type: string), _col15 (type: string), _col16 (type: string)
                        outputColumnNames: _col0, _col1, _col2, _col3, _col4, _col5, _col6, _col7
                        Statistics: Num rows: 0 Data size: 0 Basic stats: NONE Column stats: NONE
                        File Output Operator
                          compressed: false
                          Statistics: Num rows: 0 Data size: 0 Basic stats: NONE Column stats: NONE
                          table:
                              input format: org.apache.hadoop.mapred.TextInputFormat
                              output format: org.apache.hadoop.hive.ql.io.HiveIgnoreKeyTextOutputFormat
                              serde: org.apache.hadoop.hive.serde2.lazy.LazySimpleSerDe
            Local Work:
              Map Reduce Local Work

  Stage: Stage-0
    Fetch Operator
      limit: -1
      Processor Tree:
        ListSink

PREHOOK: query: SELECT /*+ STREAMTABLE(a) */ *
FROM T1 a JOIN T2 b ON a.key = b.key
          JOIN T3 c ON b.key = c.key
          JOIN T4 d ON c.key = d.key
PREHOOK: type: QUERY
PREHOOK: Input: default@t1
PREHOOK: Input: default@t2
PREHOOK: Input: default@t3
PREHOOK: Input: default@t4
#### A masked pattern was here ####
POSTHOOK: query: SELECT /*+ STREAMTABLE(a) */ *
FROM T1 a JOIN T2 b ON a.key = b.key
          JOIN T3 c ON b.key = c.key
          JOIN T4 d ON c.key = d.key
POSTHOOK: type: QUERY
POSTHOOK: Input: default@t1
POSTHOOK: Input: default@t2
POSTHOOK: Input: default@t3
POSTHOOK: Input: default@t4
#### A masked pattern was here ####
2	12	2	22	2	12	2	12
PREHOOK: query: EXPLAIN
SELECT /*+ STREAMTABLE(a) */ *
FROM T1 a JOIN T2 b ON a.key = b.key
          JOIN T3 c ON a.val = c.val
          JOIN T4 d ON a.key + 1 = d.key + 1
PREHOOK: type: QUERY
POSTHOOK: query: EXPLAIN
SELECT /*+ STREAMTABLE(a) */ *
FROM T1 a JOIN T2 b ON a.key = b.key
          JOIN T3 c ON a.val = c.val
          JOIN T4 d ON a.key + 1 = d.key + 1
POSTHOOK: type: QUERY
STAGE DEPENDENCIES:
  Stage-3 is a root stage
  Stage-1 depends on stages: Stage-3
  Stage-0 depends on stages: Stage-1

STAGE PLANS:
  Stage: Stage-3
    Spark
#### A masked pattern was here ####
      Vertices:
        Map 1 
            Map Operator Tree:
                TableScan
                  alias: d
                  Statistics: Num rows: 0 Data size: 30 Basic stats: PARTIAL Column stats: NONE
                  Filter Operator
                    predicate: (key + 1) is not null (type: boolean)
                    Statistics: Num rows: 0 Data size: 0 Basic stats: NONE Column stats: NONE
                    Spark HashTable Sink Operator
                      condition expressions:
                        0 {_col0} {_col1} {_col5} {_col6} {_col10} {_col11}
                        1 {key} {val}
                      keys:
                        0 (_col0 + 1) (type: double)
                        1 (key + 1) (type: double)
            Local Work:
              Map Reduce Local Work
        Map 2 
            Map Operator Tree:
                TableScan
                  alias: b
                  Statistics: Num rows: 0 Data size: 30 Basic stats: PARTIAL Column stats: NONE
                  Filter Operator
                    predicate: (key is not null and (key + 1) is not null) (type: boolean)
                    Statistics: Num rows: 0 Data size: 0 Basic stats: NONE Column stats: NONE
                    Spark HashTable Sink Operator
                      condition expressions:
                        0 {key} {val}
                        1 {val}
                      keys:
                        0 key (type: string)
                        1 key (type: string)
            Local Work:
              Map Reduce Local Work
        Map 3 
            Map Operator Tree:
                TableScan
                  alias: c
                  Statistics: Num rows: 0 Data size: 20 Basic stats: PARTIAL Column stats: NONE
                  Filter Operator
                    predicate: val is not null (type: boolean)
                    Statistics: Num rows: 0 Data size: 0 Basic stats: NONE Column stats: NONE
                    Spark HashTable Sink Operator
                      condition expressions:
                        0 {_col0} {_col1} {_col5} {_col6}
                        1 {key}
                      keys:
                        0 _col1 (type: string)
                        1 val (type: string)
            Local Work:
              Map Reduce Local Work

  Stage: Stage-1
    Spark
#### A masked pattern was here ####
      Vertices:
        Map 4 
            Map Operator Tree:
                TableScan
                  alias: a
                  Statistics: Num rows: 0 Data size: 30 Basic stats: PARTIAL Column stats: NONE
                  Filter Operator
                    predicate: ((key is not null and val is not null) and (key + 1) is not null) (type: boolean)
                    Statistics: Num rows: 0 Data size: 0 Basic stats: NONE Column stats: NONE
                    Map Join Operator
                      condition map:
                           Inner Join 0 to 1
                      condition expressions:
                        0 {key} {val}
                        1 {key} {val}
                      keys:
                        0 key (type: string)
                        1 key (type: string)
                      outputColumnNames: _col0, _col1, _col5, _col6
                      input vertices:
                        1 Map 2
                      Statistics: Num rows: 0 Data size: 0 Basic stats: NONE Column stats: NONE
                      Map Join Operator
                        condition map:
                             Inner Join 0 to 1
                        condition expressions:
                          0 {_col0} {_col1} {_col5} {_col6}
                          1 {key} {val}
                        keys:
                          0 _col1 (type: string)
                          1 val (type: string)
                        outputColumnNames: _col0, _col1, _col5, _col6, _col10, _col11
                        input vertices:
                          1 Map 3
                        Statistics: Num rows: 0 Data size: 0 Basic stats: NONE Column stats: NONE
                        Map Join Operator
                          condition map:
                               Inner Join 0 to 1
                          condition expressions:
                            0 {_col0} {_col1} {_col5} {_col6} {_col10} {_col11}
                            1 {key} {val}
                          keys:
                            0 (_col0 + 1) (type: double)
                            1 (key + 1) (type: double)
                          outputColumnNames: _col0, _col1, _col5, _col6, _col10, _col11, _col15, _col16
                          input vertices:
                            1 Map 1
                          Statistics: Num rows: 0 Data size: 0 Basic stats: NONE Column stats: NONE
                          Select Operator
                            expressions: _col0 (type: string), _col1 (type: string), _col5 (type: string), _col6 (type: string), _col10 (type: string), _col11 (type: string), _col15 (type: string), _col16 (type: string)
                            outputColumnNames: _col0, _col1, _col2, _col3, _col4, _col5, _col6, _col7
                            Statistics: Num rows: 0 Data size: 0 Basic stats: NONE Column stats: NONE
                            File Output Operator
                              compressed: false
                              Statistics: Num rows: 0 Data size: 0 Basic stats: NONE Column stats: NONE
                              table:
                                  input format: org.apache.hadoop.mapred.TextInputFormat
                                  output format: org.apache.hadoop.hive.ql.io.HiveIgnoreKeyTextOutputFormat
                                  serde: org.apache.hadoop.hive.serde2.lazy.LazySimpleSerDe
            Local Work:
              Map Reduce Local Work

  Stage: Stage-0
    Fetch Operator
      limit: -1
      Processor Tree:
        ListSink

PREHOOK: query: SELECT /*+ STREAMTABLE(a) */ *
FROM T1 a JOIN T2 b ON a.key = b.key
          JOIN T3 c ON a.val = c.val
          JOIN T4 d ON a.key + 1 = d.key + 1
PREHOOK: type: QUERY
PREHOOK: Input: default@t1
PREHOOK: Input: default@t2
PREHOOK: Input: default@t3
PREHOOK: Input: default@t4
#### A masked pattern was here ####
POSTHOOK: query: SELECT /*+ STREAMTABLE(a) */ *
FROM T1 a JOIN T2 b ON a.key = b.key
          JOIN T3 c ON a.val = c.val
          JOIN T4 d ON a.key + 1 = d.key + 1
POSTHOOK: type: QUERY
POSTHOOK: Input: default@t1
POSTHOOK: Input: default@t2
POSTHOOK: Input: default@t3
POSTHOOK: Input: default@t4
#### A masked pattern was here ####
2	12	2	22	2	12	2	12
