PREHOOK: query: explain select p1.p_size, p2.p_size 
from part p1 left outer join part p2 on p1.p_partkey = p2.p_partkey 
  right outer join part p3 on p2.p_partkey = p3.p_partkey and 
              p1.p_size > 10
PREHOOK: type: QUERY
POSTHOOK: query: explain select p1.p_size, p2.p_size 
from part p1 left outer join part p2 on p1.p_partkey = p2.p_partkey 
  right outer join part p3 on p2.p_partkey = p3.p_partkey and 
              p1.p_size > 10
POSTHOOK: type: QUERY
STAGE DEPENDENCIES:
  Stage-2 is a root stage
  Stage-1 depends on stages: Stage-2
  Stage-0 depends on stages: Stage-1

STAGE PLANS:
  Stage: Stage-2
    Spark
#### A masked pattern was here ####
      Vertices:
        Map 2 
            Map Operator Tree:
                TableScan
                  alias: p2
                  Statistics: Num rows: 26 Data size: 3147 Basic stats: COMPLETE Column stats: NONE
                  Spark HashTable Sink Operator
                    condition expressions:
                      0 {p_size}
                      1 {p_size}
                      2 
                    keys:
                      0 p_partkey (type: int)
                      1 p_partkey (type: int)
                      2 p_partkey (type: int)
            Local Work:
              Map Reduce Local Work
        Map 3 
            Map Operator Tree:
                TableScan
                  alias: p1
                  Statistics: Num rows: 26 Data size: 3147 Basic stats: COMPLETE Column stats: NONE
                  Filter Operator
                    predicate: (p_size > 10) (type: boolean)
                    Statistics: Num rows: 8 Data size: 968 Basic stats: COMPLETE Column stats: NONE
                    Spark HashTable Sink Operator
                      condition expressions:
                        0 {p_size}
                        1 {p_size}
                        2 
                      keys:
                        0 p_partkey (type: int)
                        1 p_partkey (type: int)
                        2 p_partkey (type: int)
            Local Work:
              Map Reduce Local Work

  Stage: Stage-1
    Spark
#### A masked pattern was here ####
      Vertices:
        Map 1 
            Map Operator Tree:
                TableScan
                  alias: p3
                  Statistics: Num rows: 26 Data size: 3147 Basic stats: COMPLETE Column stats: NONE
                  Map Join Operator
                    condition map:
                         Left Outer Join0 to 1
                         Right Outer Join1 to 2
                    condition expressions:
                      0 {p_size}
                      1 {p_size}
                      2 
                    keys:
                      0 p_partkey (type: int)
                      1 p_partkey (type: int)
                      2 p_partkey (type: int)
                    outputColumnNames: _col5, _col17
                    input vertices:
                      0 Map 3
                      1 Map 2
                    Statistics: Num rows: 57 Data size: 6923 Basic stats: COMPLETE Column stats: NONE
                    Select Operator
                      expressions: _col5 (type: int), _col17 (type: int)
                      outputColumnNames: _col0, _col1
                      Statistics: Num rows: 57 Data size: 6923 Basic stats: COMPLETE Column stats: NONE
                      File Output Operator
                        compressed: false
                        Statistics: Num rows: 57 Data size: 6923 Basic stats: COMPLETE Column stats: NONE
                        table:
                            input format: org.apache.hadoop.mapred.TextInputFormat
                            output format: org.apache.hadoop.hive.ql.io.HiveIgnoreKeyTextOutputFormat
                            serde: org.apache.hadoop.hive.serde2.lazy.LazySimpleSerDe
            Local Work:
              Map Reduce Local Work

  Stage: Stage-0
    Fetch Operator
      limit: -1
      Processor Tree:
        ListSink

PREHOOK: query: explain select p1.p_size, p2.p_size 
from part p1 left outer join part p2 on p1.p_partkey = p2.p_partkey 
  right outer join part p3 on p2.p_partkey = p3.p_partkey and 
              p1.p_size > 10 and p1.p_size > p2.p_size + 10
PREHOOK: type: QUERY
POSTHOOK: query: explain select p1.p_size, p2.p_size 
from part p1 left outer join part p2 on p1.p_partkey = p2.p_partkey 
  right outer join part p3 on p2.p_partkey = p3.p_partkey and 
              p1.p_size > 10 and p1.p_size > p2.p_size + 10
POSTHOOK: type: QUERY
STAGE DEPENDENCIES:
  Stage-2 is a root stage
  Stage-1 depends on stages: Stage-2
  Stage-0 depends on stages: Stage-1

STAGE PLANS:
  Stage: Stage-2
    Spark
#### A masked pattern was here ####
      Vertices:
        Map 2 
            Map Operator Tree:
                TableScan
                  alias: p2
                  Statistics: Num rows: 26 Data size: 3147 Basic stats: COMPLETE Column stats: NONE
                  Spark HashTable Sink Operator
                    condition expressions:
                      0 {p_size}
                      1 {p_size}
                      2 
                    keys:
                      0 p_partkey (type: int)
                      1 p_partkey (type: int)
                      2 p_partkey (type: int)
            Local Work:
              Map Reduce Local Work
        Map 3 
            Map Operator Tree:
                TableScan
                  alias: p1
                  Statistics: Num rows: 26 Data size: 3147 Basic stats: COMPLETE Column stats: NONE
                  Filter Operator
                    predicate: (p_size > 10) (type: boolean)
                    Statistics: Num rows: 8 Data size: 968 Basic stats: COMPLETE Column stats: NONE
                    Spark HashTable Sink Operator
                      condition expressions:
                        0 {p_size}
                        1 {p_size}
                        2 
                      keys:
                        0 p_partkey (type: int)
                        1 p_partkey (type: int)
                        2 p_partkey (type: int)
            Local Work:
              Map Reduce Local Work

  Stage: Stage-1
    Spark
#### A masked pattern was here ####
      Vertices:
        Map 1 
            Map Operator Tree:
                TableScan
                  alias: p3
                  Statistics: Num rows: 26 Data size: 3147 Basic stats: COMPLETE Column stats: NONE
                  Map Join Operator
                    condition map:
                         Left Outer Join0 to 1
                         Right Outer Join1 to 2
                    condition expressions:
                      0 {p_size}
                      1 {p_size}
                      2 
                    keys:
                      0 p_partkey (type: int)
                      1 p_partkey (type: int)
                      2 p_partkey (type: int)
                    outputColumnNames: _col5, _col17
                    input vertices:
                      0 Map 3
                      1 Map 2
                    Statistics: Num rows: 57 Data size: 6923 Basic stats: COMPLETE Column stats: NONE
                    Filter Operator
                      predicate: (_col5 > (_col17 + 10)) (type: boolean)
                      Statistics: Num rows: 19 Data size: 2307 Basic stats: COMPLETE Column stats: NONE
                      Select Operator
                        expressions: _col5 (type: int), _col17 (type: int)
                        outputColumnNames: _col0, _col1
                        Statistics: Num rows: 19 Data size: 2307 Basic stats: COMPLETE Column stats: NONE
                        File Output Operator
                          compressed: false
                          Statistics: Num rows: 19 Data size: 2307 Basic stats: COMPLETE Column stats: NONE
                          table:
                              input format: org.apache.hadoop.mapred.TextInputFormat
                              output format: org.apache.hadoop.hive.ql.io.HiveIgnoreKeyTextOutputFormat
                              serde: org.apache.hadoop.hive.serde2.lazy.LazySimpleSerDe
            Local Work:
              Map Reduce Local Work

  Stage: Stage-0
    Fetch Operator
      limit: -1
      Processor Tree:
        ListSink

