PREHOOK: query: SELECT  /*+ MAPJOIN(b) */ sum(a.key) as sum_a
    FROM srcpart a
    JOIN src b ON a.key = b.key where a.ds is not null
PREHOOK: type: QUERY
PREHOOK: Input: default@src
PREHOOK: Input: default@srcpart
PREHOOK: Input: default@srcpart@ds=2008-04-08/hr=11
PREHOOK: Input: default@srcpart@ds=2008-04-08/hr=12
PREHOOK: Input: default@srcpart@ds=2008-04-09/hr=11
PREHOOK: Input: default@srcpart@ds=2008-04-09/hr=12
#### A masked pattern was here ####
POSTHOOK: query: SELECT  /*+ MAPJOIN(b) */ sum(a.key) as sum_a
    FROM srcpart a
    JOIN src b ON a.key = b.key where a.ds is not null
POSTHOOK: type: QUERY
POSTHOOK: Input: default@src
POSTHOOK: Input: default@srcpart
POSTHOOK: Input: default@srcpart@ds=2008-04-08/hr=11
POSTHOOK: Input: default@srcpart@ds=2008-04-08/hr=12
POSTHOOK: Input: default@srcpart@ds=2008-04-09/hr=11
POSTHOOK: Input: default@srcpart@ds=2008-04-09/hr=12
#### A masked pattern was here ####
1114788.0
PREHOOK: query: -- const filter on outer join
EXPLAIN
SELECT /*+ MAPJOIN(a) */ * FROM src a RIGHT OUTER JOIN src b on a.key=b.key AND true limit 10
PREHOOK: type: QUERY
POSTHOOK: query: -- const filter on outer join
EXPLAIN
SELECT /*+ MAPJOIN(a) */ * FROM src a RIGHT OUTER JOIN src b on a.key=b.key AND true limit 10
POSTHOOK: type: QUERY
STAGE DEPENDENCIES:
  Stage-1 is a root stage
  Stage-0 depends on stages: Stage-1

STAGE PLANS:
  Stage: Stage-1
    Spark
      Edges:
        Reducer 2 <- Map 1 (PARTITION-LEVEL SORT, 3), Map 3 (PARTITION-LEVEL SORT, 3)
#### A masked pattern was here ####
      Vertices:
        Map 1 
            Map Operator Tree:
                TableScan
                  alias: a
                  Statistics: Num rows: 500 Data size: 5312 Basic stats: COMPLETE Column stats: NONE
                  Reduce Output Operator
                    key expressions: key (type: string)
                    sort order: +
                    Map-reduce partition columns: key (type: string)
                    Statistics: Num rows: 500 Data size: 5312 Basic stats: COMPLETE Column stats: NONE
                    value expressions: value (type: string)
        Map 3 
            Map Operator Tree:
                TableScan
                  alias: b
                  Statistics: Num rows: 500 Data size: 5312 Basic stats: COMPLETE Column stats: NONE
                  Reduce Output Operator
                    key expressions: key (type: string)
                    sort order: +
                    Map-reduce partition columns: key (type: string)
                    Statistics: Num rows: 500 Data size: 5312 Basic stats: COMPLETE Column stats: NONE
                    value expressions: value (type: string)
        Reducer 2 
            Reduce Operator Tree:
              Join Operator
                condition map:
                     Right Outer Join0 to 1
                condition expressions:
                  0 {KEY.reducesinkkey0} {VALUE._col0}
                  1 {KEY.reducesinkkey0} {VALUE._col0}
                filter predicates:
                  0 
                  1 {true}
                outputColumnNames: _col0, _col1, _col5, _col6
                Statistics: Num rows: 550 Data size: 5843 Basic stats: COMPLETE Column stats: NONE
                Select Operator
                  expressions: _col0 (type: string), _col1 (type: string), _col5 (type: string), _col6 (type: string)
                  outputColumnNames: _col0, _col1, _col2, _col3
                  Statistics: Num rows: 550 Data size: 5843 Basic stats: COMPLETE Column stats: NONE
                  Limit
                    Number of rows: 10
                    Statistics: Num rows: 10 Data size: 100 Basic stats: COMPLETE Column stats: NONE
                    File Output Operator
                      compressed: false
                      Statistics: Num rows: 10 Data size: 100 Basic stats: COMPLETE Column stats: NONE
                      table:
                          input format: org.apache.hadoop.mapred.TextInputFormat
                          output format: org.apache.hadoop.hive.ql.io.HiveIgnoreKeyTextOutputFormat
                          serde: org.apache.hadoop.hive.serde2.lazy.LazySimpleSerDe

  Stage: Stage-0
    Fetch Operator
      limit: 10
      Processor Tree:
        ListSink

PREHOOK: query: SELECT /*+ MAPJOIN(a) */ * FROM src a RIGHT OUTER JOIN src b on a.key=b.key AND true limit 10
PREHOOK: type: QUERY
PREHOOK: Input: default@src
#### A masked pattern was here ####
POSTHOOK: query: SELECT /*+ MAPJOIN(a) */ * FROM src a RIGHT OUTER JOIN src b on a.key=b.key AND true limit 10
POSTHOOK: type: QUERY
POSTHOOK: Input: default@src
#### A masked pattern was here ####
0	val_0	0	val_0
0	val_0	0	val_0
0	val_0	0	val_0
0	val_0	0	val_0
0	val_0	0	val_0
0	val_0	0	val_0
0	val_0	0	val_0
0	val_0	0	val_0
0	val_0	0	val_0
105	val_105	105	val_105
PREHOOK: query: -- func filter on outer join
EXPLAIN
SELECT /*+ MAPJOIN(a) */ * FROM src a RIGHT OUTER JOIN src b on a.key=b.key AND b.key * 10 < '1000' limit 10
PREHOOK: type: QUERY
POSTHOOK: query: -- func filter on outer join
EXPLAIN
SELECT /*+ MAPJOIN(a) */ * FROM src a RIGHT OUTER JOIN src b on a.key=b.key AND b.key * 10 < '1000' limit 10
POSTHOOK: type: QUERY
STAGE DEPENDENCIES:
  Stage-1 is a root stage
  Stage-0 depends on stages: Stage-1

STAGE PLANS:
  Stage: Stage-1
    Spark
      Edges:
        Reducer 2 <- Map 1 (PARTITION-LEVEL SORT, 3), Map 3 (PARTITION-LEVEL SORT, 3)
#### A masked pattern was here ####
      Vertices:
        Map 1 
            Map Operator Tree:
                TableScan
                  alias: a
                  Statistics: Num rows: 500 Data size: 5312 Basic stats: COMPLETE Column stats: NONE
                  Reduce Output Operator
                    key expressions: key (type: string)
                    sort order: +
                    Map-reduce partition columns: key (type: string)
                    Statistics: Num rows: 500 Data size: 5312 Basic stats: COMPLETE Column stats: NONE
                    value expressions: value (type: string)
        Map 3 
            Map Operator Tree:
                TableScan
                  alias: b
                  Statistics: Num rows: 500 Data size: 5312 Basic stats: COMPLETE Column stats: NONE
                  Reduce Output Operator
                    key expressions: key (type: string)
                    sort order: +
                    Map-reduce partition columns: key (type: string)
                    Statistics: Num rows: 500 Data size: 5312 Basic stats: COMPLETE Column stats: NONE
                    value expressions: value (type: string)
        Reducer 2 
            Reduce Operator Tree:
              Join Operator
                condition map:
                     Right Outer Join0 to 1
                condition expressions:
                  0 {KEY.reducesinkkey0} {VALUE._col0}
                  1 {KEY.reducesinkkey0} {VALUE._col0}
                filter predicates:
                  0 
                  1 {((KEY.reducesinkkey0 * 10) < '1000')}
                outputColumnNames: _col0, _col1, _col5, _col6
                Statistics: Num rows: 550 Data size: 5843 Basic stats: COMPLETE Column stats: NONE
                Select Operator
                  expressions: _col0 (type: string), _col1 (type: string), _col5 (type: string), _col6 (type: string)
                  outputColumnNames: _col0, _col1, _col2, _col3
                  Statistics: Num rows: 550 Data size: 5843 Basic stats: COMPLETE Column stats: NONE
                  Limit
                    Number of rows: 10
                    Statistics: Num rows: 10 Data size: 100 Basic stats: COMPLETE Column stats: NONE
                    File Output Operator
                      compressed: false
                      Statistics: Num rows: 10 Data size: 100 Basic stats: COMPLETE Column stats: NONE
                      table:
                          input format: org.apache.hadoop.mapred.TextInputFormat
                          output format: org.apache.hadoop.hive.ql.io.HiveIgnoreKeyTextOutputFormat
                          serde: org.apache.hadoop.hive.serde2.lazy.LazySimpleSerDe

  Stage: Stage-0
    Fetch Operator
      limit: 10
      Processor Tree:
        ListSink

PREHOOK: query: SELECT /*+ MAPJOIN(a) */ * FROM src a RIGHT OUTER JOIN src b on a.key=b.key AND b.key * 10 < '1000' limit 10
PREHOOK: type: QUERY
PREHOOK: Input: default@src
#### A masked pattern was here ####
POSTHOOK: query: SELECT /*+ MAPJOIN(a) */ * FROM src a RIGHT OUTER JOIN src b on a.key=b.key AND b.key * 10 < '1000' limit 10
POSTHOOK: type: QUERY
POSTHOOK: Input: default@src
#### A masked pattern was here ####
0	val_0	0	val_0
0	val_0	0	val_0
0	val_0	0	val_0
0	val_0	0	val_0
0	val_0	0	val_0
0	val_0	0	val_0
0	val_0	0	val_0
0	val_0	0	val_0
0	val_0	0	val_0
NULL	NULL	105	val_105
PREHOOK: query: -- field filter on outer join
EXPLAIN
SELECT /*+ MAPJOIN(a) */ * FROM src a RIGHT OUTER JOIN
    (select key, named_struct('key', key, 'value', value) as kv from src) b on a.key=b.key AND b.kv.key > 200 limit 10
PREHOOK: type: QUERY
POSTHOOK: query: -- field filter on outer join
EXPLAIN
SELECT /*+ MAPJOIN(a) */ * FROM src a RIGHT OUTER JOIN
    (select key, named_struct('key', key, 'value', value) as kv from src) b on a.key=b.key AND b.kv.key > 200 limit 10
POSTHOOK: type: QUERY
STAGE DEPENDENCIES:
  Stage-1 is a root stage
  Stage-0 depends on stages: Stage-1

STAGE PLANS:
  Stage: Stage-1
    Spark
      Edges:
        Reducer 2 <- Map 1 (PARTITION-LEVEL SORT, 3), Map 3 (PARTITION-LEVEL SORT, 3)
#### A masked pattern was here ####
      Vertices:
        Map 1 
            Map Operator Tree:
                TableScan
                  alias: src
                  Statistics: Num rows: 500 Data size: 5312 Basic stats: COMPLETE Column stats: NONE
                  Select Operator
                    expressions: key (type: string), named_struct('key',key,'value',value) (type: struct<key:string,value:string>)
                    outputColumnNames: _col0, _col1
                    Statistics: Num rows: 500 Data size: 5312 Basic stats: COMPLETE Column stats: NONE
                    Reduce Output Operator
                      key expressions: _col0 (type: string)
                      sort order: +
                      Map-reduce partition columns: _col0 (type: string)
                      Statistics: Num rows: 500 Data size: 5312 Basic stats: COMPLETE Column stats: NONE
                      value expressions: _col1 (type: struct<key:string,value:string>)
        Map 3 
            Map Operator Tree:
                TableScan
                  alias: a
                  Statistics: Num rows: 500 Data size: 5312 Basic stats: COMPLETE Column stats: NONE
                  Reduce Output Operator
                    key expressions: key (type: string)
                    sort order: +
                    Map-reduce partition columns: key (type: string)
                    Statistics: Num rows: 500 Data size: 5312 Basic stats: COMPLETE Column stats: NONE
                    value expressions: value (type: string)
        Reducer 2 
            Reduce Operator Tree:
              Join Operator
                condition map:
                     Right Outer Join0 to 1
                condition expressions:
                  0 {KEY.reducesinkkey0} {VALUE._col0}
                  1 {KEY.reducesinkkey0} {VALUE._col0}
                filter predicates:
                  0 
                  1 {(VALUE._col0.key > 200)}
                outputColumnNames: _col0, _col1, _col5, _col6
                Statistics: Num rows: 550 Data size: 5843 Basic stats: COMPLETE Column stats: NONE
                Select Operator
                  expressions: _col0 (type: string), _col1 (type: string), _col5 (type: string), _col6 (type: struct<key:string,value:string>)
                  outputColumnNames: _col0, _col1, _col2, _col3
                  Statistics: Num rows: 550 Data size: 5843 Basic stats: COMPLETE Column stats: NONE
                  Limit
                    Number of rows: 10
                    Statistics: Num rows: 10 Data size: 100 Basic stats: COMPLETE Column stats: NONE
                    File Output Operator
                      compressed: false
                      Statistics: Num rows: 10 Data size: 100 Basic stats: COMPLETE Column stats: NONE
                      table:
                          input format: org.apache.hadoop.mapred.TextInputFormat
                          output format: org.apache.hadoop.hive.ql.io.HiveIgnoreKeyTextOutputFormat
                          serde: org.apache.hadoop.hive.serde2.lazy.LazySimpleSerDe

  Stage: Stage-0
    Fetch Operator
      limit: 10
      Processor Tree:
        ListSink

PREHOOK: query: SELECT /*+ MAPJOIN(a) */ * FROM src a RIGHT OUTER JOIN
    (select key, named_struct('key', key, 'value', value) as kv from src) b on a.key=b.key AND b.kv.key > 200 limit 10
PREHOOK: type: QUERY
PREHOOK: Input: default@src
#### A masked pattern was here ####
POSTHOOK: query: SELECT /*+ MAPJOIN(a) */ * FROM src a RIGHT OUTER JOIN
    (select key, named_struct('key', key, 'value', value) as kv from src) b on a.key=b.key AND b.kv.key > 200 limit 10
POSTHOOK: type: QUERY
POSTHOOK: Input: default@src
#### A masked pattern was here ####
NULL	NULL	0	{"key":"0","value":"val_0"}
NULL	NULL	0	{"key":"0","value":"val_0"}
NULL	NULL	0	{"key":"0","value":"val_0"}
NULL	NULL	105	{"key":"105","value":"val_105"}
NULL	NULL	111	{"key":"111","value":"val_111"}
NULL	NULL	114	{"key":"114","value":"val_114"}
NULL	NULL	12	{"key":"12","value":"val_12"}
NULL	NULL	12	{"key":"12","value":"val_12"}
NULL	NULL	120	{"key":"120","value":"val_120"}
NULL	NULL	120	{"key":"120","value":"val_120"}
PREHOOK: query: EXPLAIN
SELECT /*+ MAPJOIN(a) */ * FROM src a RIGHT OUTER JOIN src b on a.key=b.key AND true limit 10
PREHOOK: type: QUERY
POSTHOOK: query: EXPLAIN
SELECT /*+ MAPJOIN(a) */ * FROM src a RIGHT OUTER JOIN src b on a.key=b.key AND true limit 10
POSTHOOK: type: QUERY
STAGE DEPENDENCIES:
  Stage-1 is a root stage
  Stage-0 depends on stages: Stage-1

STAGE PLANS:
  Stage: Stage-1
    Spark
      Edges:
        Reducer 2 <- Map 1 (PARTITION-LEVEL SORT, 3), Map 3 (PARTITION-LEVEL SORT, 3)
#### A masked pattern was here ####
      Vertices:
        Map 1 
            Map Operator Tree:
                TableScan
                  alias: a
                  Statistics: Num rows: 500 Data size: 5312 Basic stats: COMPLETE Column stats: NONE
                  Reduce Output Operator
                    key expressions: key (type: string)
                    sort order: +
                    Map-reduce partition columns: key (type: string)
                    Statistics: Num rows: 500 Data size: 5312 Basic stats: COMPLETE Column stats: NONE
                    value expressions: value (type: string)
        Map 3 
            Map Operator Tree:
                TableScan
                  alias: b
                  Statistics: Num rows: 500 Data size: 5312 Basic stats: COMPLETE Column stats: NONE
                  Reduce Output Operator
                    key expressions: key (type: string)
                    sort order: +
                    Map-reduce partition columns: key (type: string)
                    Statistics: Num rows: 500 Data size: 5312 Basic stats: COMPLETE Column stats: NONE
                    value expressions: value (type: string)
        Reducer 2 
            Reduce Operator Tree:
              Join Operator
                condition map:
                     Right Outer Join0 to 1
                condition expressions:
                  0 {KEY.reducesinkkey0} {VALUE._col0}
                  1 {KEY.reducesinkkey0} {VALUE._col0}
                outputColumnNames: _col0, _col1, _col5, _col6
                Statistics: Num rows: 550 Data size: 5843 Basic stats: COMPLETE Column stats: NONE
                Select Operator
                  expressions: _col0 (type: string), _col1 (type: string), _col5 (type: string), _col6 (type: string)
                  outputColumnNames: _col0, _col1, _col2, _col3
                  Statistics: Num rows: 550 Data size: 5843 Basic stats: COMPLETE Column stats: NONE
                  Limit
                    Number of rows: 10
                    Statistics: Num rows: 10 Data size: 100 Basic stats: COMPLETE Column stats: NONE
                    File Output Operator
                      compressed: false
                      Statistics: Num rows: 10 Data size: 100 Basic stats: COMPLETE Column stats: NONE
                      table:
                          input format: org.apache.hadoop.mapred.TextInputFormat
                          output format: org.apache.hadoop.hive.ql.io.HiveIgnoreKeyTextOutputFormat
                          serde: org.apache.hadoop.hive.serde2.lazy.LazySimpleSerDe

  Stage: Stage-0
    Fetch Operator
      limit: 10
      Processor Tree:
        ListSink

PREHOOK: query: SELECT /*+ MAPJOIN(a) */ * FROM src a RIGHT OUTER JOIN src b on a.key=b.key AND true limit 10
PREHOOK: type: QUERY
PREHOOK: Input: default@src
#### A masked pattern was here ####
POSTHOOK: query: SELECT /*+ MAPJOIN(a) */ * FROM src a RIGHT OUTER JOIN src b on a.key=b.key AND true limit 10
POSTHOOK: type: QUERY
POSTHOOK: Input: default@src
#### A masked pattern was here ####
0	val_0	0	val_0
0	val_0	0	val_0
0	val_0	0	val_0
0	val_0	0	val_0
0	val_0	0	val_0
0	val_0	0	val_0
0	val_0	0	val_0
0	val_0	0	val_0
0	val_0	0	val_0
105	val_105	105	val_105
PREHOOK: query: EXPLAIN
SELECT /*+ MAPJOIN(a) */ * FROM src a RIGHT OUTER JOIN src b on a.key=b.key AND b.key * 10 < '1000' limit 10
PREHOOK: type: QUERY
POSTHOOK: query: EXPLAIN
SELECT /*+ MAPJOIN(a) */ * FROM src a RIGHT OUTER JOIN src b on a.key=b.key AND b.key * 10 < '1000' limit 10
POSTHOOK: type: QUERY
STAGE DEPENDENCIES:
  Stage-1 is a root stage
  Stage-0 depends on stages: Stage-1

STAGE PLANS:
  Stage: Stage-1
    Spark
      Edges:
        Reducer 2 <- Map 1 (PARTITION-LEVEL SORT, 3), Map 3 (PARTITION-LEVEL SORT, 3)
#### A masked pattern was here ####
      Vertices:
        Map 1 
            Map Operator Tree:
                TableScan
                  alias: a
                  Statistics: Num rows: 500 Data size: 5312 Basic stats: COMPLETE Column stats: NONE
                  Filter Operator
                    predicate: ((key * 10) < '1000') (type: boolean)
                    Statistics: Num rows: 166 Data size: 1763 Basic stats: COMPLETE Column stats: NONE
                    Reduce Output Operator
                      key expressions: key (type: string)
                      sort order: +
                      Map-reduce partition columns: key (type: string)
                      Statistics: Num rows: 166 Data size: 1763 Basic stats: COMPLETE Column stats: NONE
                      value expressions: value (type: string)
        Map 3 
            Map Operator Tree:
                TableScan
                  alias: b
                  Statistics: Num rows: 500 Data size: 5312 Basic stats: COMPLETE Column stats: NONE
                  Filter Operator
                    predicate: ((key * 10) < '1000') (type: boolean)
                    Statistics: Num rows: 166 Data size: 1763 Basic stats: COMPLETE Column stats: NONE
                    Reduce Output Operator
                      key expressions: key (type: string)
                      sort order: +
                      Map-reduce partition columns: key (type: string)
                      Statistics: Num rows: 166 Data size: 1763 Basic stats: COMPLETE Column stats: NONE
                      value expressions: value (type: string)
        Reducer 2 
            Reduce Operator Tree:
              Join Operator
                condition map:
                     Right Outer Join0 to 1
                condition expressions:
                  0 {KEY.reducesinkkey0} {VALUE._col0}
                  1 {KEY.reducesinkkey0} {VALUE._col0}
                outputColumnNames: _col0, _col1, _col5, _col6
                Statistics: Num rows: 182 Data size: 1939 Basic stats: COMPLETE Column stats: NONE
                Select Operator
                  expressions: _col0 (type: string), _col1 (type: string), _col5 (type: string), _col6 (type: string)
                  outputColumnNames: _col0, _col1, _col2, _col3
                  Statistics: Num rows: 182 Data size: 1939 Basic stats: COMPLETE Column stats: NONE
                  Limit
                    Number of rows: 10
                    Statistics: Num rows: 10 Data size: 100 Basic stats: COMPLETE Column stats: NONE
                    File Output Operator
                      compressed: false
                      Statistics: Num rows: 10 Data size: 100 Basic stats: COMPLETE Column stats: NONE
                      table:
                          input format: org.apache.hadoop.mapred.TextInputFormat
                          output format: org.apache.hadoop.hive.ql.io.HiveIgnoreKeyTextOutputFormat
                          serde: org.apache.hadoop.hive.serde2.lazy.LazySimpleSerDe

  Stage: Stage-0
    Fetch Operator
      limit: 10
      Processor Tree:
        ListSink

PREHOOK: query: SELECT /*+ MAPJOIN(a) */ * FROM src a RIGHT OUTER JOIN src b on a.key=b.key AND b.key * 10 < '1000' limit 10
PREHOOK: type: QUERY
PREHOOK: Input: default@src
#### A masked pattern was here ####
POSTHOOK: query: SELECT /*+ MAPJOIN(a) */ * FROM src a RIGHT OUTER JOIN src b on a.key=b.key AND b.key * 10 < '1000' limit 10
POSTHOOK: type: QUERY
POSTHOOK: Input: default@src
#### A masked pattern was here ####
0	val_0	0	val_0
0	val_0	0	val_0
0	val_0	0	val_0
0	val_0	0	val_0
0	val_0	0	val_0
0	val_0	0	val_0
0	val_0	0	val_0
0	val_0	0	val_0
0	val_0	0	val_0
12	val_12	12	val_12
PREHOOK: query: EXPLAIN
SELECT /*+ MAPJOIN(a) */ * FROM src a RIGHT OUTER JOIN
    (select key, named_struct('key', key, 'value', value) as kv from src) b on a.key=b.key AND b.kv.key > 200 limit 10
PREHOOK: type: QUERY
POSTHOOK: query: EXPLAIN
SELECT /*+ MAPJOIN(a) */ * FROM src a RIGHT OUTER JOIN
    (select key, named_struct('key', key, 'value', value) as kv from src) b on a.key=b.key AND b.kv.key > 200 limit 10
POSTHOOK: type: QUERY
STAGE DEPENDENCIES:
  Stage-1 is a root stage
  Stage-0 depends on stages: Stage-1

STAGE PLANS:
  Stage: Stage-1
    Spark
      Edges:
        Reducer 2 <- Map 1 (PARTITION-LEVEL SORT, 3), Map 3 (PARTITION-LEVEL SORT, 3)
#### A masked pattern was here ####
      Vertices:
        Map 1 
            Map Operator Tree:
                TableScan
                  alias: src
                  Statistics: Num rows: 500 Data size: 5312 Basic stats: COMPLETE Column stats: NONE
                  Select Operator
                    expressions: key (type: string), named_struct('key',key,'value',value) (type: struct<key:string,value:string>)
                    outputColumnNames: _col0, _col1
                    Statistics: Num rows: 500 Data size: 5312 Basic stats: COMPLETE Column stats: NONE
                    Filter Operator
                      predicate: (_col1.key > 200) (type: boolean)
                      Statistics: Num rows: 166 Data size: 1763 Basic stats: COMPLETE Column stats: NONE
                      Reduce Output Operator
                        key expressions: _col0 (type: string)
                        sort order: +
                        Map-reduce partition columns: _col0 (type: string)
                        Statistics: Num rows: 166 Data size: 1763 Basic stats: COMPLETE Column stats: NONE
                        value expressions: _col1 (type: struct<key:string,value:string>)
        Map 3 
            Map Operator Tree:
                TableScan
                  alias: a
                  Statistics: Num rows: 500 Data size: 5312 Basic stats: COMPLETE Column stats: NONE
                  Reduce Output Operator
                    key expressions: key (type: string)
                    sort order: +
                    Map-reduce partition columns: key (type: string)
                    Statistics: Num rows: 500 Data size: 5312 Basic stats: COMPLETE Column stats: NONE
                    value expressions: value (type: string)
        Reducer 2 
            Reduce Operator Tree:
              Join Operator
                condition map:
                     Right Outer Join0 to 1
                condition expressions:
                  0 {KEY.reducesinkkey0} {VALUE._col0}
                  1 {KEY.reducesinkkey0} {VALUE._col0}
                outputColumnNames: _col0, _col1, _col5, _col6
                Statistics: Num rows: 550 Data size: 5843 Basic stats: COMPLETE Column stats: NONE
                Select Operator
                  expressions: _col0 (type: string), _col1 (type: string), _col5 (type: string), _col6 (type: struct<key:string,value:string>)
                  outputColumnNames: _col0, _col1, _col2, _col3
                  Statistics: Num rows: 550 Data size: 5843 Basic stats: COMPLETE Column stats: NONE
                  Limit
                    Number of rows: 10
                    Statistics: Num rows: 10 Data size: 100 Basic stats: COMPLETE Column stats: NONE
                    File Output Operator
                      compressed: false
                      Statistics: Num rows: 10 Data size: 100 Basic stats: COMPLETE Column stats: NONE
                      table:
                          input format: org.apache.hadoop.mapred.TextInputFormat
                          output format: org.apache.hadoop.hive.ql.io.HiveIgnoreKeyTextOutputFormat
                          serde: org.apache.hadoop.hive.serde2.lazy.LazySimpleSerDe

  Stage: Stage-0
    Fetch Operator
      limit: 10
      Processor Tree:
        ListSink

PREHOOK: query: SELECT /*+ MAPJOIN(a) */ * FROM src a RIGHT OUTER JOIN
    (select key, named_struct('key', key, 'value', value) as kv from src) b on a.key=b.key AND b.kv.key > 200 limit 10
PREHOOK: type: QUERY
PREHOOK: Input: default@src
#### A masked pattern was here ####
POSTHOOK: query: SELECT /*+ MAPJOIN(a) */ * FROM src a RIGHT OUTER JOIN
    (select key, named_struct('key', key, 'value', value) as kv from src) b on a.key=b.key AND b.kv.key > 200 limit 10
POSTHOOK: type: QUERY
POSTHOOK: Input: default@src
#### A masked pattern was here ####
201	val_201	201	{"key":"201","value":"val_201"}
207	val_207	207	{"key":"207","value":"val_207"}
207	val_207	207	{"key":"207","value":"val_207"}
207	val_207	207	{"key":"207","value":"val_207"}
207	val_207	207	{"key":"207","value":"val_207"}
213	val_213	213	{"key":"213","value":"val_213"}
213	val_213	213	{"key":"213","value":"val_213"}
213	val_213	213	{"key":"213","value":"val_213"}
213	val_213	213	{"key":"213","value":"val_213"}
216	val_216	216	{"key":"216","value":"val_216"}
