PREHOOK: query: create table dual(a string)
PREHOOK: type: CREATETABLE
PREHOOK: Output: database:default
PREHOOK: Output: default@dual
POSTHOOK: query: create table dual(a string)
POSTHOOK: type: CREATETABLE
POSTHOOK: Output: database:default
POSTHOOK: Output: default@dual
PREHOOK: query: drop table if exists test_tbl
PREHOOK: type: DROPTABLE
POSTHOOK: query: drop table if exists test_tbl
POSTHOOK: type: DROPTABLE
PREHOOK: query: create table test_tbl (id string,name string)
PREHOOK: type: CREATETABLE
PREHOOK: Output: database:default
PREHOOK: Output: default@test_tbl
POSTHOOK: query: create table test_tbl (id string,name string)
POSTHOOK: type: CREATETABLE
POSTHOOK: Output: database:default
POSTHOOK: Output: default@test_tbl
PREHOOK: query: insert into table test_tbl
select 'a','b' from dual
PREHOOK: type: QUERY
PREHOOK: Input: default@dual
PREHOOK: Output: default@test_tbl
POSTHOOK: query: insert into table test_tbl
select 'a','b' from dual
POSTHOOK: type: QUERY
POSTHOOK: Input: default@dual
POSTHOOK: Output: default@test_tbl
POSTHOOK: Lineage: test_tbl.id SIMPLE []
POSTHOOK: Lineage: test_tbl.name SIMPLE []
PREHOOK: query: explain
select t2.* 
from
(select id,name from (select id,name from test_tbl) t1 sort by id) t2
join test_tbl t3 on (t2.id=t3.id )
where t2.name='c' and t3.id='a'
PREHOOK: type: QUERY
POSTHOOK: query: explain
select t2.* 
from
(select id,name from (select id,name from test_tbl) t1 sort by id) t2
join test_tbl t3 on (t2.id=t3.id )
where t2.name='c' and t3.id='a'
POSTHOOK: type: QUERY
STAGE DEPENDENCIES:
  Stage-1 is a root stage
  Stage-0 is a root stage

STAGE PLANS:
  Stage: Stage-1
    Spark
#### A masked pattern was here ####
      Vertices:
        Map 1 
            Map Operator Tree:
                TableScan
                  alias: test_tbl
                  Statistics: Num rows: 0 Data size: 0 Basic stats: NONE Column stats: NONE
                  Filter Operator
                    predicate: ((id is not null and (name = 'c')) and (id = 'a')) (type: boolean)
                    Statistics: Num rows: 0 Data size: 0 Basic stats: NONE Column stats: NONE
                    Select Operator
                      Statistics: Num rows: 0 Data size: 0 Basic stats: NONE Column stats: NONE
                      Spark HashTable Sink Operator
                        condition expressions:
                          0 
                          1 
                        keys:
                          0 'a' (type: string)
                          1 'a' (type: string)
            Local Work:
              Map Reduce Local Work
        Map 2 
            Map Operator Tree:
                TableScan
                  alias: t3
                  Statistics: Num rows: 0 Data size: 0 Basic stats: NONE Column stats: NONE
                  Filter Operator
                    predicate: (id = 'a') (type: boolean)
                    Statistics: Num rows: 0 Data size: 0 Basic stats: NONE Column stats: NONE
                    Spark HashTable Sink Operator
                      condition expressions:
                        0 
                        1 
                      keys:
                        0 'a' (type: string)
                        1 'a' (type: string)
            Local Work:
              Map Reduce Local Work

  Stage: Stage-0
    Fetch Operator
      limit: -1
      Processor Tree:
        ListSink

PREHOOK: query: select t2.* 
from
(select id,name from (select id,name from test_tbl) t1 sort by id) t2
join test_tbl t3 on (t2.id=t3.id )
where t2.name='c' and t3.id='a'
PREHOOK: type: QUERY
PREHOOK: Input: default@test_tbl
#### A masked pattern was here ####
Status: Failed
POSTHOOK: query: select t2.* 
from
(select id,name from (select id,name from test_tbl) t1 sort by id) t2
join test_tbl t3 on (t2.id=t3.id )
where t2.name='c' and t3.id='a'
POSTHOOK: type: QUERY
POSTHOOK: Input: default@test_tbl
#### A masked pattern was here ####
