PREHOOK: query: EXPLAIN SELECT (ctinyint % 2) + 1, cstring1, cint, elt((ctinyint % 2) + 1, cstring1, cint) 
FROM alltypesorc
WHERE ctinyint > 0 LIMIT 10
PREHOOK: type: QUERY
POSTHOOK: query: EXPLAIN SELECT (ctinyint % 2) + 1, cstring1, cint, elt((ctinyint % 2) + 1, cstring1, cint) 
FROM alltypesorc
WHERE ctinyint > 0 LIMIT 10
POSTHOOK: type: QUERY
STAGE DEPENDENCIES:
  Stage-1 is a root stage
  Stage-0 depends on stages: Stage-1

STAGE PLANS:
  Stage: Stage-1
    Map Reduce
      Map Operator Tree:
          TableScan
            alias: alltypesorc
            Statistics: Num rows: 3492 Data size: 377237 Basic stats: COMPLETE Column stats: NONE
            Filter Operator
              predicate: (ctinyint > 0) (type: boolean)
              Statistics: Num rows: 1164 Data size: 125745 Basic stats: COMPLETE Column stats: NONE
              Select Operator
                expressions: ((ctinyint % 2) + 1) (type: int), cstring1 (type: string), cint (type: int), elt(((ctinyint % 2) + 1), cstring1, cint) (type: string)
                outputColumnNames: _col0, _col1, _col2, _col3
                Statistics: Num rows: 1164 Data size: 125745 Basic stats: COMPLETE Column stats: NONE
                Limit
                  Number of rows: 10
                  Statistics: Num rows: 10 Data size: 1080 Basic stats: COMPLETE Column stats: NONE
                  File Output Operator
                    compressed: false
                    Statistics: Num rows: 10 Data size: 1080 Basic stats: COMPLETE Column stats: NONE
                    table:
                        input format: org.apache.hadoop.mapred.TextInputFormat
                        output format: org.apache.hadoop.hive.ql.io.HiveIgnoreKeyTextOutputFormat
                        serde: org.apache.hadoop.hive.serde2.lazy.LazySimpleSerDe
      Execution mode: vectorized

  Stage: Stage-0
    Fetch Operator
      limit: 10
      Processor Tree:
        ListSink

PREHOOK: query: SELECT (ctinyint % 2) + 1, cstring1, cint, elt((ctinyint % 2) + 1, cstring1, cint) 
FROM alltypesorc
WHERE ctinyint > 0 LIMIT 10
PREHOOK: type: QUERY
PREHOOK: Input: default@alltypesorc
#### A masked pattern was here ####
POSTHOOK: query: SELECT (ctinyint % 2) + 1, cstring1, cint, elt((ctinyint % 2) + 1, cstring1, cint) 
FROM alltypesorc
WHERE ctinyint > 0 LIMIT 10
POSTHOOK: type: QUERY
POSTHOOK: Input: default@alltypesorc
#### A masked pattern was here ####
2	cvLH6Eat2yFsyy7p	528534767	528534767
2	cvLH6Eat2yFsyy7p	528534767	528534767
2	cvLH6Eat2yFsyy7p	528534767	528534767
2	cvLH6Eat2yFsyy7p	528534767	528534767
2	cvLH6Eat2yFsyy7p	528534767	528534767
1	cvLH6Eat2yFsyy7p	528534767	cvLH6Eat2yFsyy7p
2	cvLH6Eat2yFsyy7p	528534767	528534767
1	cvLH6Eat2yFsyy7p	528534767	cvLH6Eat2yFsyy7p
2	cvLH6Eat2yFsyy7p	528534767	528534767
1	cvLH6Eat2yFsyy7p	528534767	cvLH6Eat2yFsyy7p
PREHOOK: query: EXPLAIN
SELECT elt(2, 'abc', 'defg'),
       elt(3, 'aa', 'bb', 'cc', 'dd', 'ee', 'ff', 'gg'),
       elt('1', 'abc', 'defg'),
       elt(2, 'aa', CAST('2' AS TINYINT)),
       elt(2, 'aa', CAST('12345' AS SMALLINT)),
       elt(2, 'aa', CAST('123456789012' AS BIGINT)),
       elt(2, 'aa', CAST(1.25 AS FLOAT)),
       elt(2, 'aa', CAST(16.0 AS DOUBLE)),
       elt(0, 'abc', 'defg'),
       elt(3, 'abc', 'defg')
FROM alltypesorc LIMIT 1
PREHOOK: type: QUERY
POSTHOOK: query: EXPLAIN
SELECT elt(2, 'abc', 'defg'),
       elt(3, 'aa', 'bb', 'cc', 'dd', 'ee', 'ff', 'gg'),
       elt('1', 'abc', 'defg'),
       elt(2, 'aa', CAST('2' AS TINYINT)),
       elt(2, 'aa', CAST('12345' AS SMALLINT)),
       elt(2, 'aa', CAST('123456789012' AS BIGINT)),
       elt(2, 'aa', CAST(1.25 AS FLOAT)),
       elt(2, 'aa', CAST(16.0 AS DOUBLE)),
       elt(0, 'abc', 'defg'),
       elt(3, 'abc', 'defg')
FROM alltypesorc LIMIT 1
POSTHOOK: type: QUERY
STAGE DEPENDENCIES:
  Stage-1 is a root stage
  Stage-0 depends on stages: Stage-1

STAGE PLANS:
  Stage: Stage-1
    Map Reduce
      Map Operator Tree:
          TableScan
            alias: alltypesorc
            Statistics: Num rows: 0 Data size: 377237 Basic stats: PARTIAL Column stats: COMPLETE
            Select Operator
              expressions: elt(2, 'abc', 'defg') (type: string), elt(3, 'aa', 'bb', 'cc', 'dd', 'ee', 'ff', 'gg') (type: string), elt('1', 'abc', 'defg') (type: string), elt(2, 'aa', UDFToByte('2')) (type: string), elt(2, 'aa', UDFToShort('12345')) (type: string), elt(2, 'aa', UDFToLong('123456789012')) (type: string), elt(2, 'aa', UDFToFloat(1.25)) (type: string), elt(2, 'aa', 16.0) (type: string), elt(0, 'abc', 'defg') (type: string), elt(3, 'abc', 'defg') (type: string)
              outputColumnNames: _col0, _col1, _col2, _col3, _col4, _col5, _col6, _col7, _col8, _col9
              Statistics: Num rows: 0 Data size: 377237 Basic stats: PARTIAL Column stats: COMPLETE
              Limit
                Number of rows: 1
                Statistics: Num rows: 0 Data size: 377237 Basic stats: PARTIAL Column stats: COMPLETE
                File Output Operator
                  compressed: false
                  Statistics: Num rows: 0 Data size: 377237 Basic stats: PARTIAL Column stats: COMPLETE
                  table:
                      input format: org.apache.hadoop.mapred.TextInputFormat
                      output format: org.apache.hadoop.hive.ql.io.HiveIgnoreKeyTextOutputFormat
                      serde: org.apache.hadoop.hive.serde2.lazy.LazySimpleSerDe
      Execution mode: vectorized

  Stage: Stage-0
    Fetch Operator
      limit: 1
      Processor Tree:
        ListSink

PREHOOK: query: SELECT elt(2, 'abc', 'defg'),
       elt(3, 'aa', 'bb', 'cc', 'dd', 'ee', 'ff', 'gg'),
       elt('1', 'abc', 'defg'),
       elt(2, 'aa', CAST('2' AS TINYINT)),
       elt(2, 'aa', CAST('12345' AS SMALLINT)),
       elt(2, 'aa', CAST('123456789012' AS BIGINT)),
       elt(2, 'aa', CAST(1.25 AS FLOAT)),
       elt(2, 'aa', CAST(16.0 AS DOUBLE)),
       elt(0, 'abc', 'defg'),
       elt(3, 'abc', 'defg')
FROM alltypesorc LIMIT 1
PREHOOK: type: QUERY
PREHOOK: Input: default@alltypesorc
#### A masked pattern was here ####
POSTHOOK: query: SELECT elt(2, 'abc', 'defg'),
       elt(3, 'aa', 'bb', 'cc', 'dd', 'ee', 'ff', 'gg'),
       elt('1', 'abc', 'defg'),
       elt(2, 'aa', CAST('2' AS TINYINT)),
       elt(2, 'aa', CAST('12345' AS SMALLINT)),
       elt(2, 'aa', CAST('123456789012' AS BIGINT)),
       elt(2, 'aa', CAST(1.25 AS FLOAT)),
       elt(2, 'aa', CAST(16.0 AS DOUBLE)),
       elt(0, 'abc', 'defg'),
       elt(3, 'abc', 'defg')
FROM alltypesorc LIMIT 1
POSTHOOK: type: QUERY
POSTHOOK: Input: default@alltypesorc
#### A masked pattern was here ####
defg	cc	abc	2	12345	123456789012	1.25	16.0	NULL	NULL
