PREHOOK: query: drop table char_2
PREHOOK: type: DROPTABLE
POSTHOOK: query: drop table char_2
POSTHOOK: type: DROPTABLE
PREHOOK: query: create table char_2 (
  key varchar(10),
  value varchar(20)
) stored as orc
PREHOOK: type: CREATETABLE
PREHOOK: Output: database:default
PREHOOK: Output: default@char_2
POSTHOOK: query: create table char_2 (
  key varchar(10),
  value varchar(20)
) stored as orc
POSTHOOK: type: CREATETABLE
POSTHOOK: Output: database:default
POSTHOOK: Output: default@char_2
PREHOOK: query: insert overwrite table char_2 select * from src
PREHOOK: type: QUERY
PREHOOK: Input: default@src
PREHOOK: Output: default@char_2
POSTHOOK: query: insert overwrite table char_2 select * from src
POSTHOOK: type: QUERY
POSTHOOK: Input: default@src
POSTHOOK: Output: default@char_2
POSTHOOK: Lineage: char_2.key EXPRESSION [(src)src.FieldSchema(name:key, type:string, comment:default), ]
POSTHOOK: Lineage: char_2.value EXPRESSION [(src)src.FieldSchema(name:value, type:string, comment:default), ]
PREHOOK: query: select key, value
from src
order by key asc
limit 5
PREHOOK: type: QUERY
PREHOOK: Input: default@src
#### A masked pattern was here ####
POSTHOOK: query: select key, value
from src
order by key asc
limit 5
POSTHOOK: type: QUERY
POSTHOOK: Input: default@src
#### A masked pattern was here ####
0	val_0
0	val_0
0	val_0
10	val_10
100	val_100
PREHOOK: query: explain select key, value
from char_2
order by key asc
limit 5
PREHOOK: type: QUERY
POSTHOOK: query: explain select key, value
from char_2
order by key asc
limit 5
POSTHOOK: type: QUERY
STAGE DEPENDENCIES:
  Stage-1 is a root stage
  Stage-0 depends on stages: Stage-1

STAGE PLANS:
  Stage: Stage-1
    Map Reduce
      Map Operator Tree:
          TableScan
            alias: char_2
            Statistics: Num rows: 500 Data size: 88000 Basic stats: COMPLETE Column stats: NONE
            Select Operator
              expressions: key (type: varchar(10)), value (type: varchar(20))
              outputColumnNames: _col0, _col1
              Statistics: Num rows: 500 Data size: 88000 Basic stats: COMPLETE Column stats: NONE
              Reduce Output Operator
                key expressions: _col0 (type: varchar(10))
                sort order: +
                Statistics: Num rows: 500 Data size: 88000 Basic stats: COMPLETE Column stats: NONE
                value expressions: _col1 (type: varchar(20))
      Execution mode: vectorized
      Reduce Operator Tree:
        Select Operator
          expressions: KEY.reducesinkkey0 (type: varchar(10)), VALUE._col0 (type: varchar(20))
          outputColumnNames: _col0, _col1
          Statistics: Num rows: 500 Data size: 88000 Basic stats: COMPLETE Column stats: NONE
          Limit
            Number of rows: 5
            Statistics: Num rows: 5 Data size: 880 Basic stats: COMPLETE Column stats: NONE
            File Output Operator
              compressed: false
              Statistics: Num rows: 5 Data size: 880 Basic stats: COMPLETE Column stats: NONE
              table:
                  input format: org.apache.hadoop.mapred.TextInputFormat
                  output format: org.apache.hadoop.hive.ql.io.HiveIgnoreKeyTextOutputFormat
                  serde: org.apache.hadoop.hive.serde2.lazy.LazySimpleSerDe

  Stage: Stage-0
    Fetch Operator
      limit: 5
      Processor Tree:
        ListSink

PREHOOK: query: -- should match the query from src
select key, value
from char_2
order by key asc
limit 5
PREHOOK: type: QUERY
PREHOOK: Input: default@char_2
#### A masked pattern was here ####
POSTHOOK: query: -- should match the query from src
select key, value
from char_2
order by key asc
limit 5
POSTHOOK: type: QUERY
POSTHOOK: Input: default@char_2
#### A masked pattern was here ####
0	val_0
0	val_0
0	val_0
10	val_10
100	val_100
PREHOOK: query: select key, value
from src
order by key desc
limit 5
PREHOOK: type: QUERY
PREHOOK: Input: default@src
#### A masked pattern was here ####
POSTHOOK: query: select key, value
from src
order by key desc
limit 5
POSTHOOK: type: QUERY
POSTHOOK: Input: default@src
#### A masked pattern was here ####
98	val_98
98	val_98
97	val_97
97	val_97
96	val_96
PREHOOK: query: explain select key, value
from char_2
order by key desc
limit 5
PREHOOK: type: QUERY
POSTHOOK: query: explain select key, value
from char_2
order by key desc
limit 5
POSTHOOK: type: QUERY
STAGE DEPENDENCIES:
  Stage-1 is a root stage
  Stage-0 depends on stages: Stage-1

STAGE PLANS:
  Stage: Stage-1
    Map Reduce
      Map Operator Tree:
          TableScan
            alias: char_2
            Statistics: Num rows: 500 Data size: 88000 Basic stats: COMPLETE Column stats: NONE
            Select Operator
              expressions: key (type: varchar(10)), value (type: varchar(20))
              outputColumnNames: _col0, _col1
              Statistics: Num rows: 500 Data size: 88000 Basic stats: COMPLETE Column stats: NONE
              Reduce Output Operator
                key expressions: _col0 (type: varchar(10))
                sort order: -
                Statistics: Num rows: 500 Data size: 88000 Basic stats: COMPLETE Column stats: NONE
                value expressions: _col1 (type: varchar(20))
      Execution mode: vectorized
      Reduce Operator Tree:
        Select Operator
          expressions: KEY.reducesinkkey0 (type: varchar(10)), VALUE._col0 (type: varchar(20))
          outputColumnNames: _col0, _col1
          Statistics: Num rows: 500 Data size: 88000 Basic stats: COMPLETE Column stats: NONE
          Limit
            Number of rows: 5
            Statistics: Num rows: 5 Data size: 880 Basic stats: COMPLETE Column stats: NONE
            File Output Operator
              compressed: false
              Statistics: Num rows: 5 Data size: 880 Basic stats: COMPLETE Column stats: NONE
              table:
                  input format: org.apache.hadoop.mapred.TextInputFormat
                  output format: org.apache.hadoop.hive.ql.io.HiveIgnoreKeyTextOutputFormat
                  serde: org.apache.hadoop.hive.serde2.lazy.LazySimpleSerDe

  Stage: Stage-0
    Fetch Operator
      limit: 5
      Processor Tree:
        ListSink

PREHOOK: query: -- should match the query from src
select key, value
from char_2
order by key desc
limit 5
PREHOOK: type: QUERY
PREHOOK: Input: default@char_2
#### A masked pattern was here ####
POSTHOOK: query: -- should match the query from src
select key, value
from char_2
order by key desc
limit 5
POSTHOOK: type: QUERY
POSTHOOK: Input: default@char_2
#### A masked pattern was here ####
98	val_98
98	val_98
97	val_97
97	val_97
96	val_96
PREHOOK: query: drop table char_2
PREHOOK: type: DROPTABLE
PREHOOK: Input: default@char_2
PREHOOK: Output: default@char_2
POSTHOOK: query: drop table char_2
POSTHOOK: type: DROPTABLE
POSTHOOK: Input: default@char_2
POSTHOOK: Output: default@char_2
