PREHOOK: query: drop table if exists hello_acid
PREHOOK: type: DROPTABLE
POSTHOOK: query: drop table if exists hello_acid
POSTHOOK: type: DROPTABLE
PREHOOK: query: create table hello_acid (key int, value int)
partitioned by (load_date date)
clustered by(key) into 3 buckets
stored as orc tblproperties ('transactional'='true')
PREHOOK: type: CREATETABLE
PREHOOK: Output: database:default
PREHOOK: Output: default@hello_acid
POSTHOOK: query: create table hello_acid (key int, value int)
partitioned by (load_date date)
clustered by(key) into 3 buckets
stored as orc tblproperties ('transactional'='true')
POSTHOOK: type: CREATETABLE
POSTHOOK: Output: database:default
POSTHOOK: Output: default@hello_acid
PREHOOK: query: insert into hello_acid partition (load_date='2016-03-01') values (1, 1)
PREHOOK: type: QUERY
PREHOOK: Output: default@hello_acid@load_date=2016-03-01
POSTHOOK: query: insert into hello_acid partition (load_date='2016-03-01') values (1, 1)
POSTHOOK: type: QUERY
POSTHOOK: Output: default@hello_acid@load_date=2016-03-01
POSTHOOK: Lineage: hello_acid PARTITION(load_date=2016-03-01).key EXPRESSION [(values__tmp__table__1)values__tmp__table__1.FieldSchema(name:tmp_values_col1, type:string, comment:), ]
POSTHOOK: Lineage: hello_acid PARTITION(load_date=2016-03-01).value EXPRESSION [(values__tmp__table__1)values__tmp__table__1.FieldSchema(name:tmp_values_col2, type:string, comment:), ]
PREHOOK: query: insert into hello_acid partition (load_date='2016-03-02') values (2, 2)
PREHOOK: type: QUERY
PREHOOK: Output: default@hello_acid@load_date=2016-03-02
POSTHOOK: query: insert into hello_acid partition (load_date='2016-03-02') values (2, 2)
POSTHOOK: type: QUERY
POSTHOOK: Output: default@hello_acid@load_date=2016-03-02
POSTHOOK: Lineage: hello_acid PARTITION(load_date=2016-03-02).key EXPRESSION [(values__tmp__table__2)values__tmp__table__2.FieldSchema(name:tmp_values_col1, type:string, comment:), ]
POSTHOOK: Lineage: hello_acid PARTITION(load_date=2016-03-02).value EXPRESSION [(values__tmp__table__2)values__tmp__table__2.FieldSchema(name:tmp_values_col2, type:string, comment:), ]
PREHOOK: query: insert into hello_acid partition (load_date='2016-03-03') values (3, 3)
PREHOOK: type: QUERY
PREHOOK: Output: default@hello_acid@load_date=2016-03-03
POSTHOOK: query: insert into hello_acid partition (load_date='2016-03-03') values (3, 3)
POSTHOOK: type: QUERY
POSTHOOK: Output: default@hello_acid@load_date=2016-03-03
POSTHOOK: Lineage: hello_acid PARTITION(load_date=2016-03-03).key EXPRESSION [(values__tmp__table__3)values__tmp__table__3.FieldSchema(name:tmp_values_col1, type:string, comment:), ]
POSTHOOK: Lineage: hello_acid PARTITION(load_date=2016-03-03).value EXPRESSION [(values__tmp__table__3)values__tmp__table__3.FieldSchema(name:tmp_values_col2, type:string, comment:), ]
PREHOOK: query: explain vectorization detail
select row__id, key, value from hello_acid order by key
PREHOOK: type: QUERY
POSTHOOK: query: explain vectorization detail
select row__id, key, value from hello_acid order by key
POSTHOOK: type: QUERY
PLAN VECTORIZATION:
  enabled: true
  enabledConditionsMet: [hive.vectorized.execution.enabled IS true]

STAGE DEPENDENCIES:
  Stage-1 is a root stage
  Stage-0 depends on stages: Stage-1

STAGE PLANS:
  Stage: Stage-1
    Map Reduce
      Map Operator Tree:
          TableScan
            alias: hello_acid
            Statistics: Num rows: 380 Data size: 3054 Basic stats: COMPLETE Column stats: NONE
            Select Operator
              expressions: ROW__ID (type: struct<transactionid:bigint,bucketid:int,rowid:bigint>), key (type: int), value (type: int)
              outputColumnNames: _col0, _col1, _col2
              Statistics: Num rows: 380 Data size: 3054 Basic stats: COMPLETE Column stats: NONE
              Reduce Output Operator
                key expressions: _col1 (type: int)
                sort order: +
                Statistics: Num rows: 380 Data size: 3054 Basic stats: COMPLETE Column stats: NONE
                value expressions: _col0 (type: struct<transactionid:bigint,bucketid:int,rowid:bigint>), _col2 (type: int)
      Map Vectorization:
          enabled: true
          enabledConditionsMet: hive.vectorized.use.vectorized.input.format IS true
          inputFileFormats: org.apache.hadoop.hive.ql.io.orc.OrcInputFormat
          notVectorizedReason: Select expression for SELECT operator: Virtual column ROW__ID is not supported
          vectorized: false
      Reduce Vectorization:
          enabled: false
          enableConditionsMet: hive.vectorized.execution.reduce.enabled IS true
          enableConditionsNotMet: hive.execution.engine mr IN [tez, spark] IS false
      Reduce Operator Tree:
        Select Operator
          expressions: VALUE._col0 (type: struct<transactionid:bigint,bucketid:int,rowid:bigint>), KEY.reducesinkkey0 (type: int), VALUE._col1 (type: int)
          outputColumnNames: _col0, _col1, _col2
          Statistics: Num rows: 380 Data size: 3054 Basic stats: COMPLETE Column stats: NONE
          File Output Operator
            compressed: false
            Statistics: Num rows: 380 Data size: 3054 Basic stats: COMPLETE Column stats: NONE
            table:
                input format: org.apache.hadoop.mapred.SequenceFileInputFormat
                output format: org.apache.hadoop.hive.ql.io.HiveSequenceFileOutputFormat
                serde: org.apache.hadoop.hive.serde2.lazy.LazySimpleSerDe

  Stage: Stage-0
    Fetch Operator
      limit: -1
      Processor Tree:
        ListSink

PREHOOK: query: select row__id, key, value from hello_acid order by key
PREHOOK: type: QUERY
PREHOOK: Input: default@hello_acid
PREHOOK: Input: default@hello_acid@load_date=2016-03-01
PREHOOK: Input: default@hello_acid@load_date=2016-03-02
PREHOOK: Input: default@hello_acid@load_date=2016-03-03
#### A masked pattern was here ####
POSTHOOK: query: select row__id, key, value from hello_acid order by key
POSTHOOK: type: QUERY
POSTHOOK: Input: default@hello_acid
POSTHOOK: Input: default@hello_acid@load_date=2016-03-01
POSTHOOK: Input: default@hello_acid@load_date=2016-03-02
POSTHOOK: Input: default@hello_acid@load_date=2016-03-03
#### A masked pattern was here ####
{"transactionid":3,"bucketid":536936448,"rowid":0}	1	1
{"transactionid":4,"bucketid":537001984,"rowid":0}	2	2
{"transactionid":5,"bucketid":536870912,"rowid":0}	3	3
PREHOOK: query: explain vectorization detail
select tid from (select row__id.transactionid as tid from hello_acid) sub order by tid
PREHOOK: type: QUERY
POSTHOOK: query: explain vectorization detail
select tid from (select row__id.transactionid as tid from hello_acid) sub order by tid
POSTHOOK: type: QUERY
PLAN VECTORIZATION:
  enabled: true
  enabledConditionsMet: [hive.vectorized.execution.enabled IS true]

STAGE DEPENDENCIES:
  Stage-1 is a root stage
  Stage-0 depends on stages: Stage-1

STAGE PLANS:
  Stage: Stage-1
    Map Reduce
      Map Operator Tree:
          TableScan
            alias: hello_acid
            Statistics: Num rows: 1 Data size: 3054 Basic stats: PARTIAL Column stats: NONE
            Select Operator
              expressions: ROW__ID.transactionid (type: bigint)
              outputColumnNames: _col0
              Statistics: Num rows: 1 Data size: 3054 Basic stats: PARTIAL Column stats: NONE
              Reduce Output Operator
                key expressions: _col0 (type: bigint)
                sort order: +
                Statistics: Num rows: 1 Data size: 3054 Basic stats: PARTIAL Column stats: NONE
      Map Vectorization:
          enabled: true
          enabledConditionsMet: hive.vectorized.use.vectorized.input.format IS true
          inputFileFormats: org.apache.hadoop.hive.ql.io.orc.OrcInputFormat
          notVectorizedReason: Select expression for SELECT operator: Virtual column ROW__ID is not supported
          vectorized: false
      Reduce Vectorization:
          enabled: false
          enableConditionsMet: hive.vectorized.execution.reduce.enabled IS true
          enableConditionsNotMet: hive.execution.engine mr IN [tez, spark] IS false
      Reduce Operator Tree:
        Select Operator
          expressions: KEY.reducesinkkey0 (type: bigint)
          outputColumnNames: _col0
          Statistics: Num rows: 1 Data size: 3054 Basic stats: PARTIAL Column stats: NONE
          File Output Operator
            compressed: false
            Statistics: Num rows: 1 Data size: 3054 Basic stats: COMPLETE Column stats: NONE
            table:
                input format: org.apache.hadoop.mapred.SequenceFileInputFormat
                output format: org.apache.hadoop.hive.ql.io.HiveSequenceFileOutputFormat
                serde: org.apache.hadoop.hive.serde2.lazy.LazySimpleSerDe

  Stage: Stage-0
    Fetch Operator
      limit: -1
      Processor Tree:
        ListSink

PREHOOK: query: select tid from (select row__id.transactionid as tid from hello_acid) sub order by tid
PREHOOK: type: QUERY
PREHOOK: Input: default@hello_acid
PREHOOK: Input: default@hello_acid@load_date=2016-03-01
PREHOOK: Input: default@hello_acid@load_date=2016-03-02
PREHOOK: Input: default@hello_acid@load_date=2016-03-03
#### A masked pattern was here ####
POSTHOOK: query: select tid from (select row__id.transactionid as tid from hello_acid) sub order by tid
POSTHOOK: type: QUERY
POSTHOOK: Input: default@hello_acid
POSTHOOK: Input: default@hello_acid@load_date=2016-03-01
POSTHOOK: Input: default@hello_acid@load_date=2016-03-02
POSTHOOK: Input: default@hello_acid@load_date=2016-03-03
#### A masked pattern was here ####
3
4
5
PREHOOK: query: explain vectorization detail
select tid from (select row__id.transactionid as tid from hello_acid) sub where tid = 3
PREHOOK: type: QUERY
POSTHOOK: query: explain vectorization detail
select tid from (select row__id.transactionid as tid from hello_acid) sub where tid = 3
POSTHOOK: type: QUERY
PLAN VECTORIZATION:
  enabled: true
  enabledConditionsMet: [hive.vectorized.execution.enabled IS true]

STAGE DEPENDENCIES:
  Stage-1 is a root stage
  Stage-0 depends on stages: Stage-1

STAGE PLANS:
  Stage: Stage-1
    Map Reduce
      Map Operator Tree:
          TableScan
            alias: hello_acid
            Statistics: Num rows: 1 Data size: 3054 Basic stats: PARTIAL Column stats: NONE
            Filter Operator
              predicate: (ROW__ID.transactionid = 3) (type: boolean)
              Statistics: Num rows: 1 Data size: 3054 Basic stats: COMPLETE Column stats: NONE
              Select Operator
                expressions: ROW__ID.transactionid (type: bigint)
                outputColumnNames: _col0
                Statistics: Num rows: 1 Data size: 3054 Basic stats: COMPLETE Column stats: NONE
                File Output Operator
                  compressed: false
                  Statistics: Num rows: 1 Data size: 3054 Basic stats: COMPLETE Column stats: NONE
                  table:
                      input format: org.apache.hadoop.mapred.SequenceFileInputFormat
                      output format: org.apache.hadoop.hive.ql.io.HiveSequenceFileOutputFormat
                      serde: org.apache.hadoop.hive.serde2.lazy.LazySimpleSerDe
      Map Vectorization:
          enabled: true
          enabledConditionsMet: hive.vectorized.use.vectorized.input.format IS true
          inputFileFormats: org.apache.hadoop.hive.ql.io.orc.OrcInputFormat
          notVectorizedReason: Predicate expression for FILTER operator: Virtual column ROW__ID is not supported
          vectorized: false

  Stage: Stage-0
    Fetch Operator
      limit: -1
      Processor Tree:
        ListSink

PREHOOK: query: select tid from (select row__id.transactionid as tid from hello_acid) sub where tid = 3
PREHOOK: type: QUERY
PREHOOK: Input: default@hello_acid
PREHOOK: Input: default@hello_acid@load_date=2016-03-01
PREHOOK: Input: default@hello_acid@load_date=2016-03-02
PREHOOK: Input: default@hello_acid@load_date=2016-03-03
#### A masked pattern was here ####
POSTHOOK: query: select tid from (select row__id.transactionid as tid from hello_acid) sub where tid = 3
POSTHOOK: type: QUERY
POSTHOOK: Input: default@hello_acid
POSTHOOK: Input: default@hello_acid@load_date=2016-03-01
POSTHOOK: Input: default@hello_acid@load_date=2016-03-02
POSTHOOK: Input: default@hello_acid@load_date=2016-03-03
#### A masked pattern was here ####
3
PREHOOK: query: explain vectorization detail
select row__id, key, value from hello_acid order by key
PREHOOK: type: QUERY
POSTHOOK: query: explain vectorization detail
select row__id, key, value from hello_acid order by key
POSTHOOK: type: QUERY
PLAN VECTORIZATION:
  enabled: true
  enabledConditionsMet: [hive.vectorized.execution.enabled IS true]

STAGE DEPENDENCIES:
  Stage-1 is a root stage
  Stage-0 depends on stages: Stage-1

STAGE PLANS:
  Stage: Stage-1
    Map Reduce
      Map Operator Tree:
          TableScan
            alias: hello_acid
            Statistics: Num rows: 380 Data size: 3054 Basic stats: COMPLETE Column stats: NONE
            TableScan Vectorization:
                native: true
                projectedOutputColumns: [0, 1, 2, 3]
            Select Operator
              expressions: ROW__ID (type: struct<transactionid:bigint,bucketid:int,rowid:bigint>), key (type: int), value (type: int)
              outputColumnNames: _col0, _col1, _col2
              Select Vectorization:
                  className: VectorSelectOperator
                  native: true
                  projectedOutputColumns: [3, 0, 1]
              Statistics: Num rows: 380 Data size: 3054 Basic stats: COMPLETE Column stats: NONE
              Reduce Output Operator
                key expressions: _col1 (type: int)
                sort order: +
                Reduce Sink Vectorization:
                    className: VectorReduceSinkOperator
                    native: false
                    nativeConditionsMet: hive.vectorized.execution.reducesink.new.enabled IS true, No PTF TopN IS true, No DISTINCT columns IS true, BinarySortableSerDe for keys IS true, LazyBinarySerDe for values IS true
                    nativeConditionsNotMet: hive.execution.engine mr IN [tez, spark] IS false
                Statistics: Num rows: 380 Data size: 3054 Basic stats: COMPLETE Column stats: NONE
                value expressions: _col0 (type: struct<transactionid:bigint,bucketid:int,rowid:bigint>), _col2 (type: int)
      Execution mode: vectorized
      Map Vectorization:
          enabled: true
          enabledConditionsMet: hive.vectorized.use.vectorized.input.format IS true
          groupByVectorOutput: true
          inputFileFormats: org.apache.hadoop.hive.ql.io.orc.OrcInputFormat
          allNative: false
          usesVectorUDFAdaptor: false
          vectorized: true
          rowBatchContext:
              dataColumnCount: 2
              includeColumns: [0, 1]
              dataColumns: key:int, value:int
              partitionColumnCount: 1
              partitionColumns: load_date:date
      Reduce Vectorization:
          enabled: false
          enableConditionsMet: hive.vectorized.execution.reduce.enabled IS true
          enableConditionsNotMet: hive.execution.engine mr IN [tez, spark] IS false
      Reduce Operator Tree:
        Select Operator
          expressions: VALUE._col0 (type: struct<transactionid:bigint,bucketid:int,rowid:bigint>), KEY.reducesinkkey0 (type: int), VALUE._col1 (type: int)
          outputColumnNames: _col0, _col1, _col2
          Statistics: Num rows: 380 Data size: 3054 Basic stats: COMPLETE Column stats: NONE
          File Output Operator
            compressed: false
            Statistics: Num rows: 380 Data size: 3054 Basic stats: COMPLETE Column stats: NONE
            table:
                input format: org.apache.hadoop.mapred.SequenceFileInputFormat
                output format: org.apache.hadoop.hive.ql.io.HiveSequenceFileOutputFormat
                serde: org.apache.hadoop.hive.serde2.lazy.LazySimpleSerDe

  Stage: Stage-0
    Fetch Operator
      limit: -1
      Processor Tree:
        ListSink

PREHOOK: query: select row__id, key, value from hello_acid order by key
PREHOOK: type: QUERY
PREHOOK: Input: default@hello_acid
PREHOOK: Input: default@hello_acid@load_date=2016-03-01
PREHOOK: Input: default@hello_acid@load_date=2016-03-02
PREHOOK: Input: default@hello_acid@load_date=2016-03-03
#### A masked pattern was here ####
POSTHOOK: query: select row__id, key, value from hello_acid order by key
POSTHOOK: type: QUERY
POSTHOOK: Input: default@hello_acid
POSTHOOK: Input: default@hello_acid@load_date=2016-03-01
POSTHOOK: Input: default@hello_acid@load_date=2016-03-02
POSTHOOK: Input: default@hello_acid@load_date=2016-03-03
#### A masked pattern was here ####
NULL	1	1
NULL	2	2
NULL	3	3
PREHOOK: query: explain vectorization detail
select tid from (select row__id.transactionid as tid from hello_acid) sub order by tid
PREHOOK: type: QUERY
POSTHOOK: query: explain vectorization detail
select tid from (select row__id.transactionid as tid from hello_acid) sub order by tid
POSTHOOK: type: QUERY
PLAN VECTORIZATION:
  enabled: true
  enabledConditionsMet: [hive.vectorized.execution.enabled IS true]

STAGE DEPENDENCIES:
  Stage-1 is a root stage
  Stage-0 depends on stages: Stage-1

STAGE PLANS:
  Stage: Stage-1
    Map Reduce
      Map Operator Tree:
          TableScan
            alias: hello_acid
            Statistics: Num rows: 1 Data size: 3054 Basic stats: PARTIAL Column stats: NONE
            Select Operator
              expressions: ROW__ID.transactionid (type: bigint)
              outputColumnNames: _col0
              Statistics: Num rows: 1 Data size: 3054 Basic stats: PARTIAL Column stats: NONE
              Reduce Output Operator
                key expressions: _col0 (type: bigint)
                sort order: +
                Statistics: Num rows: 1 Data size: 3054 Basic stats: PARTIAL Column stats: NONE
      Map Vectorization:
          enabled: true
          enabledConditionsMet: hive.vectorized.use.vectorized.input.format IS true
          inputFileFormats: org.apache.hadoop.hive.ql.io.orc.OrcInputFormat
          notVectorizedReason: Select expression for SELECT operator: Could not vectorize expression (mode = PROJECTION): Column[ROW__ID].transactionid
          vectorized: false
      Reduce Vectorization:
          enabled: false
          enableConditionsMet: hive.vectorized.execution.reduce.enabled IS true
          enableConditionsNotMet: hive.execution.engine mr IN [tez, spark] IS false
      Reduce Operator Tree:
        Select Operator
          expressions: KEY.reducesinkkey0 (type: bigint)
          outputColumnNames: _col0
          Statistics: Num rows: 1 Data size: 3054 Basic stats: PARTIAL Column stats: NONE
          File Output Operator
            compressed: false
            Statistics: Num rows: 1 Data size: 3054 Basic stats: COMPLETE Column stats: NONE
            table:
                input format: org.apache.hadoop.mapred.SequenceFileInputFormat
                output format: org.apache.hadoop.hive.ql.io.HiveSequenceFileOutputFormat
                serde: org.apache.hadoop.hive.serde2.lazy.LazySimpleSerDe

  Stage: Stage-0
    Fetch Operator
      limit: -1
      Processor Tree:
        ListSink

PREHOOK: query: select tid from (select row__id.transactionid as tid from hello_acid) sub order by tid
PREHOOK: type: QUERY
PREHOOK: Input: default@hello_acid
PREHOOK: Input: default@hello_acid@load_date=2016-03-01
PREHOOK: Input: default@hello_acid@load_date=2016-03-02
PREHOOK: Input: default@hello_acid@load_date=2016-03-03
#### A masked pattern was here ####
POSTHOOK: query: select tid from (select row__id.transactionid as tid from hello_acid) sub order by tid
POSTHOOK: type: QUERY
POSTHOOK: Input: default@hello_acid
POSTHOOK: Input: default@hello_acid@load_date=2016-03-01
POSTHOOK: Input: default@hello_acid@load_date=2016-03-02
POSTHOOK: Input: default@hello_acid@load_date=2016-03-03
#### A masked pattern was here ####
3
4
5
PREHOOK: query: explain vectorization detail
select tid from (select row__id.transactionid as tid from hello_acid) sub where tid = 3
PREHOOK: type: QUERY
POSTHOOK: query: explain vectorization detail
select tid from (select row__id.transactionid as tid from hello_acid) sub where tid = 3
POSTHOOK: type: QUERY
PLAN VECTORIZATION:
  enabled: true
  enabledConditionsMet: [hive.vectorized.execution.enabled IS true]

STAGE DEPENDENCIES:
  Stage-1 is a root stage
  Stage-0 depends on stages: Stage-1

STAGE PLANS:
  Stage: Stage-1
    Map Reduce
      Map Operator Tree:
          TableScan
            alias: hello_acid
            Statistics: Num rows: 1 Data size: 3054 Basic stats: PARTIAL Column stats: NONE
            Filter Operator
              predicate: (ROW__ID.transactionid = 3) (type: boolean)
              Statistics: Num rows: 1 Data size: 3054 Basic stats: COMPLETE Column stats: NONE
              Select Operator
                expressions: ROW__ID.transactionid (type: bigint)
                outputColumnNames: _col0
                Statistics: Num rows: 1 Data size: 3054 Basic stats: COMPLETE Column stats: NONE
                File Output Operator
                  compressed: false
                  Statistics: Num rows: 1 Data size: 3054 Basic stats: COMPLETE Column stats: NONE
                  table:
                      input format: org.apache.hadoop.mapred.SequenceFileInputFormat
                      output format: org.apache.hadoop.hive.ql.io.HiveSequenceFileOutputFormat
                      serde: org.apache.hadoop.hive.serde2.lazy.LazySimpleSerDe
      Map Vectorization:
          enabled: true
          enabledConditionsMet: hive.vectorized.use.vectorized.input.format IS true
          inputFileFormats: org.apache.hadoop.hive.ql.io.orc.OrcInputFormat
          notVectorizedReason: Predicate expression for FILTER operator: Cannot handle expression type: ExprNodeFieldDesc
          vectorized: false

  Stage: Stage-0
    Fetch Operator
      limit: -1
      Processor Tree:
        ListSink

PREHOOK: query: select tid from (select row__id.transactionid as tid from hello_acid) sub where tid = 3
PREHOOK: type: QUERY
PREHOOK: Input: default@hello_acid
PREHOOK: Input: default@hello_acid@load_date=2016-03-01
PREHOOK: Input: default@hello_acid@load_date=2016-03-02
PREHOOK: Input: default@hello_acid@load_date=2016-03-03
#### A masked pattern was here ####
POSTHOOK: query: select tid from (select row__id.transactionid as tid from hello_acid) sub where tid = 3
POSTHOOK: type: QUERY
POSTHOOK: Input: default@hello_acid
POSTHOOK: Input: default@hello_acid@load_date=2016-03-01
POSTHOOK: Input: default@hello_acid@load_date=2016-03-02
POSTHOOK: Input: default@hello_acid@load_date=2016-03-03
#### A masked pattern was here ####
3
